2026-06-09 14:36:22,231 - INFO - DataFetcher initialized (SDK: True)
2026-06-09 14:36:22,232 - INFO - Output file: /opt/stonk-ai/portfolio_data.json
2026-06-09 14:36:22,232 - INFO - ============================================================
2026-06-09 14:36:22,232 - INFO - STONK.AI Data Fetcher Starting
2026-06-09 14:36:22,232 - INFO - Fetching every 30 seconds during market hours
2026-06-09 14:36:22,232 - INFO - ============================================================
2026-06-09 14:36:22,556 - INFO - Updated: $97,566.69 (-2,003.29)
2026-06-09 14:36:52,685 - INFO - Updated: $97,579.31 (-1,990.96)
2026-06-09 14:37:22,831 - INFO - Updated: $97,636.54 (-1,934.17)
2026-06-09 14:37:52,967 - INFO - Updated: $97,626.01 (-1,943.77)
2026-06-09 14:38:23,145 - INFO - Updated: $97,625.74 (-1,945.02)
2026-06-09 14:38:53,285 - INFO - Updated: $97,536.12 (-2,033.77)
2026-06-09 14:39:23,426 - INFO - Updated: $97,556.25 (-2,013.52)
2026-06-09 14:39:53,593 - INFO - Updated: $97,528.52 (-2,041.75)
2026-06-09 14:40:23,738 - INFO - Updated: $97,553.68 (-2,016.59)
2026-06-09 14:40:53,897 - INFO - Updated: $97,625.22 (-1,944.95)
2026-06-09 14:41:24,633 - INFO - Updated: $97,595.40 (-1,975.64)
2026-06-09 14:41:54,769 - INFO - Updated: $97,591.35 (-1,978.92)
2026-06-09 14:42:24,966 - INFO - Updated: $97,548.25 (-2,022.06)
2026-06-09 14:42:55,112 - INFO - Updated: $97,474.02 (-2,089.74)
2026-06-09 14:43:25,580 - INFO - Updated: $97,414.12 (-2,156.38)
2026-06-09 14:43:55,717 - INFO - Updated: $97,305.09 (-2,270.59)
2026-06-09 14:44:25,855 - INFO - Updated: $97,246.18 (-2,321.20)
2026-06-09 14:44:55,988 - INFO - Updated: $97,201.35 (-2,369.89)
2026-06-09 14:45:26,324 - INFO - Updated: $97,254.23 (-2,316.94)
2026-06-09 14:45:56,464 - INFO - Updated: $97,147.61 (-2,416.39)
2026-06-09 14:46:26,614 - INFO - Updated: $97,069.95 (-2,499.99)
2026-06-09 14:46:56,757 - INFO - Updated: $97,005.82 (-2,564.23)
2026-06-09 14:47:26,890 - INFO - Updated: $96,950.19 (-2,619.66)
2026-06-09 14:47:57,019 - INFO - Updated: $96,886.12 (-2,690.82)
2026-06-09 14:48:27,155 - INFO - Updated: $96,914.59 (-2,655.68)
2026-06-09 14:48:57,319 - INFO - Updated: $96,780.01 (-2,787.99)
2026-06-09 14:49:27,454 - INFO - Updated: $96,790.61 (-2,779.67)
2026-06-09 14:49:57,596 - INFO - Updated: $96,768.01 (-2,802.26)
2026-06-09 14:50:27,733 - INFO - Updated: $96,752.72 (-2,818.27)
2026-06-09 14:50:57,862 - INFO - Updated: $96,846.27 (-2,723.17)
2026-06-09 14:51:28,008 - INFO - Updated: $96,945.97 (-2,621.88)
2026-06-09 14:51:58,146 - INFO - Updated: $96,977.99 (-2,591.93)
2026-06-09 14:52:28,288 - INFO - Updated: $96,981.54 (-2,588.73)
2026-06-09 14:52:58,439 - INFO - Updated: $96,910.54 (-2,659.72)
2026-06-09 14:53:28,678 - INFO - Updated: $96,914.37 (-2,656.07)
2026-06-09 14:53:59,063 - INFO - Updated: $96,912.67 (-2,657.51)
2026-06-09 14:54:29,195 - INFO - Updated: $97,020.31 (-2,549.96)
2026-06-09 14:54:59,326 - INFO - Updated: $97,051.34 (-2,518.84)
2026-06-09 14:55:29,460 - INFO - Updated: $97,054.68 (-2,515.26)
2026-06-09 14:55:59,810 - INFO - Updated: $96,987.23 (-2,582.50)
2026-06-09 14:56:29,976 - INFO - Updated: $96,949.18 (-2,632.19)
2026-06-09 14:57:00,417 - INFO - Updated: $96,840.56 (-2,726.93)
2026-06-09 14:57:30,571 - INFO - Updated: $96,934.58 (-2,636.05)
2026-06-09 14:58:00,717 - INFO - Updated: $96,988.34 (-2,581.94)
2026-06-09 14:58:30,914 - INFO - Updated: $97,049.83 (-2,524.48)
2026-06-09 14:59:01,059 - INFO - Updated: $97,031.49 (-2,538.78)
2026-06-09 14:59:31,196 - INFO - Updated: $97,055.50 (-2,514.77)
2026-06-09 15:00:01,912 - INFO - Updated: $97,098.49 (-2,473.34)
2026-06-09 15:00:32,068 - INFO - Updated: $97,070.05 (-2,500.44)
2026-06-09 15:01:02,240 - INFO - Updated: $97,047.49 (-2,522.78)
2026-06-09 15:01:32,373 - INFO - Updated: $97,024.55 (-2,531.73)
2026-06-09 15:02:02,540 - INFO - Updated: $97,002.52 (-2,567.78)
2026-06-09 15:02:32,695 - INFO - Updated: $96,971.97 (-2,598.30)
2026-06-09 15:03:02,946 - INFO - Updated: $96,930.27 (-2,628.66)
2026-06-09 15:03:33,096 - INFO - Updated: $97,113.06 (-2,446.81)
2026-06-09 15:04:03,263 - INFO - Updated: $97,104.09 (-2,464.43)
2026-06-09 15:04:33,407 - INFO - Updated: $97,012.28 (-2,557.99)
2026-06-09 15:05:03,618 - INFO - Updated: $96,929.52 (-2,640.75)
2026-06-09 15:05:33,754 - INFO - Updated: $96,857.85 (-2,713.45)
2026-06-09 15:06:04,083 - INFO - Updated: $96,787.25 (-2,785.50)
2026-06-09 15:06:34,221 - INFO - Updated: $96,964.02 (-2,605.67)
2026-06-09 15:07:04,386 - INFO - Updated: $96,882.74 (-2,679.31)
2026-06-09 15:07:34,540 - INFO - Updated: $96,808.65 (-2,761.62)
2026-06-09 15:08:04,684 - INFO - Updated: $96,934.45 (-2,635.52)
2026-06-09 15:08:34,820 - INFO - Updated: $96,918.09 (-2,652.01)
2026-06-09 15:09:04,962 - INFO - Updated: $97,030.85 (-2,539.42)
2026-06-09 15:09:35,094 - INFO - Updated: $97,166.45 (-2,403.64)
2026-06-09 15:10:05,242 - INFO - Updated: $97,324.82 (-2,245.75)
2026-06-09 15:10:35,372 - INFO - Updated: $97,291.77 (-2,278.00)
2026-06-09 15:11:05,509 - INFO - Updated: $97,258.06 (-2,314.21)
2026-06-09 15:11:35,645 - INFO - Updated: $97,278.54 (-2,291.76)
2026-06-09 15:12:05,785 - INFO - Updated: $97,214.21 (-2,356.06)
2026-06-09 15:12:35,921 - INFO - Updated: $97,197.99 (-2,371.74)
2026-06-09 15:13:06,070 - INFO - Updated: $97,009.47 (-2,560.80)
2026-06-09 15:13:36,206 - INFO - Updated: $97,148.21 (-2,422.06)
2026-06-09 15:14:06,352 - INFO - Updated: $97,182.84 (-2,386.92)
2026-06-09 15:14:36,518 - INFO - Updated: $97,145.14 (-2,438.38)
2026-06-09 15:15:06,692 - INFO - Updated: $96,964.08 (-2,606.19)
2026-06-09 15:15:36,839 - INFO - Updated: $96,923.05 (-2,647.22)
2026-06-09 15:16:06,978 - INFO - Updated: $96,809.66 (-2,760.02)
2026-06-09 15:16:37,127 - INFO - Updated: $96,702.59 (-2,867.68)
2026-06-09 15:17:07,266 - INFO - Updated: $96,641.30 (-2,929.57)
2026-06-09 15:17:37,404 - INFO - Updated: $96,622.36 (-2,947.91)
2026-06-09 15:18:07,540 - INFO - Updated: $96,587.44 (-2,982.83)
2026-06-09 15:18:37,680 - INFO - Updated: $96,634.95 (-2,935.17)
2026-06-09 15:19:07,817 - INFO - Updated: $96,525.93 (-3,044.94)
2026-06-09 15:19:38,047 - INFO - Updated: $96,576.79 (-2,993.13)
2026-06-09 15:20:08,220 - INFO - Updated: $96,507.33 (-3,062.94)
2026-06-09 15:20:38,364 - INFO - Updated: $96,630.13 (-2,941.67)
2026-06-09 15:21:08,504 - INFO - Updated: $96,585.26 (-2,985.18)
2026-06-09 15:21:38,638 - INFO - Updated: $96,544.56 (-3,025.71)
2026-06-09 15:22:08,786 - INFO - Updated: $96,450.20 (-3,124.30)
2026-06-09 15:22:38,923 - INFO - Updated: $96,283.51 (-3,286.76)
2026-06-09 15:23:09,061 - INFO - Updated: $96,344.42 (-3,225.85)
2026-06-09 15:23:39,211 - INFO - Updated: $95,992.99 (-3,579.12)
2026-06-09 15:24:09,342 - INFO - Updated: $95,974.17 (-3,595.38)
2026-06-09 15:24:39,475 - INFO - Updated: $95,925.15 (-3,644.00)
2026-06-09 15:25:09,618 - INFO - Updated: $95,772.29 (-3,798.48)
2026-06-09 15:25:39,749 - INFO - Updated: $95,807.62 (-3,762.93)
2026-06-09 15:26:09,913 - INFO - Updated: $95,690.20 (-3,879.99)
2026-06-09 15:26:40,044 - INFO - Updated: $95,505.06 (-4,065.04)
2026-06-09 15:27:10,182 - INFO - Updated: $95,468.45 (-4,097.79)
2026-06-09 15:27:40,314 - INFO - Updated: $95,403.32 (-4,167.12)
2026-06-09 15:28:10,453 - INFO - Updated: $95,276.47 (-4,294.67)
2026-06-09 15:28:40,592 - INFO - Updated: $95,161.01 (-4,406.07)
2026-06-09 15:29:10,743 - INFO - Updated: $94,946.10 (-4,629.00)
2026-06-09 15:29:40,876 - INFO - Updated: $94,936.82 (-4,629.83)
2026-06-09 15:30:11,021 - INFO - Updated: $95,042.38 (-4,516.29)
2026-06-09 15:30:41,154 - INFO - Updated: $95,191.78 (-4,378.78)
2026-06-09 15:31:11,289 - INFO - Updated: $94,956.16 (-4,614.11)
2026-06-09 15:31:41,507 - INFO - Updated: $94,781.27 (-4,792.16)
2026-06-09 15:32:11,638 - INFO - Updated: $94,958.04 (-4,612.63)
2026-06-09 15:32:41,862 - INFO - Updated: $94,859.75 (-4,710.32)
2026-06-09 15:33:12,003 - INFO - Updated: $94,775.41 (-4,794.86)
2026-06-09 15:33:42,138 - INFO - Updated: $94,845.50 (-4,724.55)
2026-06-09 15:34:12,268 - INFO - Updated: $94,977.05 (-4,602.71)
2026-06-09 15:34:42,417 - INFO - Updated: $94,917.05 (-4,653.52)
2026-06-09 15:35:12,552 - INFO - Updated: $94,856.57 (-4,713.70)
2026-06-09 15:35:42,886 - INFO - Updated: $94,956.07 (-4,615.10)
2026-06-09 15:36:13,109 - INFO - Updated: $94,847.10 (-4,726.49)
2026-06-09 15:36:43,419 - INFO - Updated: $94,997.60 (-4,567.36)
2026-06-09 15:37:13,693 - INFO - Updated: $94,969.50 (-4,601.16)
2026-06-09 15:37:43,825 - INFO - Updated: $94,944.26 (-4,626.55)
2026-06-09 15:38:13,982 - INFO - Updated: $94,851.78 (-4,723.31)
2026-06-09 15:38:44,174 - INFO - Updated: $94,736.70 (-4,832.99)
2026-06-09 15:39:14,458 - INFO - Updated: $94,837.35 (-4,738.52)
2026-06-09 15:39:44,604 - INFO - Updated: $94,901.01 (-4,669.31)
2026-06-09 15:40:14,743 - INFO - Updated: $95,085.10 (-4,485.33)
2026-06-09 15:40:44,876 - INFO - Updated: $95,124.96 (-4,440.09)
2026-06-09 15:41:15,010 - INFO - Updated: $94,968.71 (-4,601.56)
2026-06-09 15:41:45,151 - INFO - Updated: $95,120.18 (-4,442.04)
2026-06-09 15:42:15,286 - INFO - Updated: $95,198.92 (-4,365.73)
2026-06-09 15:42:45,836 - INFO - Updated: $95,274.26 (-4,296.26)
2026-06-09 15:43:15,974 - INFO - Updated: $95,263.46 (-4,306.81)
2026-06-09 15:43:46,126 - INFO - Updated: $95,244.06 (-4,326.47)
2026-06-09 15:44:16,268 - INFO - Updated: $95,155.99 (-4,414.28)
2026-06-09 15:44:46,401 - INFO - Updated: $95,208.66 (-4,362.12)
2026-06-09 15:45:16,547 - INFO - Updated: $95,191.87 (-4,378.40)
2026-06-09 15:45:46,689 - INFO - Updated: $95,233.59 (-4,338.42)
2026-06-09 15:46:16,847 - INFO - Updated: $95,239.95 (-4,330.06)
2026-06-09 15:46:46,984 - INFO - Updated: $95,215.80 (-4,354.47)
2026-06-09 15:47:17,119 - INFO - Updated: $95,339.09 (-4,231.18)
2026-06-09 15:47:47,253 - INFO - Updated: $95,287.31 (-4,282.79)
