2026-06-27 06:28:05,590 - __main__ - INFO - [ALERT] ⚠️ STONK.AI Monitor Alerts:
- Service stonk-ai-bot.service is inactive
- Stale data: ai_watchlist_live.json is 389 min old
2026-06-27 06:28:05,593 - __main__ - INFO - Monitor status saved to /opt/stonk-ai/monitor_status.json
2026-06-27 06:28:17,175 - __main__ - INFO - [ALERT] ⚠️ STONK.AI Monitor Alerts:
- Service stonk-ai-bot.service is inactive
- Stale data: ai_watchlist_live.json is 389 min old
2026-06-27 06:28:17,176 - __main__ - INFO - Monitor status saved to /opt/stonk-ai/monitor_status.json
2026-06-27 06:28:42,311 - __main__ - INFO - [ALERT] ⚠️ STONK.AI Monitor Alerts:
- Stale data: ai_watchlist_live.json is 390 min old
2026-06-27 06:28:42,311 - __main__ - INFO - Monitor status saved to /opt/stonk-ai/monitor_status.json
2026-06-29 04:59:40,870 - __main__ - INFO - [ALERT] ⚠️ STONK.AI Monitor Alerts:
- Rogue root processes: 4
2026-06-29 04:59:40,871 - __main__ - INFO - Monitor status saved to /opt/stonk-ai/monitor_status.json
2026-06-29 05:01:08,119 - __main__ - INFO - All checks passed.
2026-06-29 05:01:08,121 - __main__ - INFO - Monitor status saved to /opt/stonk-ai/monitor_status.json
2026-06-29 09:25:02,168 - __main__ - INFO - Monitor status saved to /opt/stonk-ai/monitor_status.json
2026-06-29 09:30:00,930 - __main__ - INFO - Monitor status saved to /opt/stonk-ai/monitor_status.json
2026-06-29 09:35:03,029 - __main__ - INFO - Monitor status saved to /opt/stonk-ai/monitor_status.json
2026-06-29 09:40:01,049 - __main__ - INFO - Monitor status saved to /opt/stonk-ai/monitor_status.json
2026-06-29 09:45:03,348 - __main__ - INFO - Monitor status saved to /opt/stonk-ai/monitor_status.json
2026-06-29 09:50:00,986 - __main__ - INFO - Monitor status saved to /opt/stonk-ai/monitor_status.json
2026-06-29 09:55:02,123 - __main__ - INFO - Monitor status saved to /opt/stonk-ai/monitor_status.json
2026-06-29 10:00:01,011 - __main__ - INFO - Monitor status saved to /opt/stonk-ai/monitor_status.json
2026-06-29 10:05:02,329 - __main__ - INFO - Monitor status saved to /opt/stonk-ai/monitor_status.json
2026-06-29 10:10:00,999 - __main__ - INFO - Monitor status saved to /opt/stonk-ai/monitor_status.json
2026-06-29 10:15:03,349 - __main__ - INFO - Monitor status saved to /opt/stonk-ai/monitor_status.json
2026-06-29 10:20:01,142 - __main__ - INFO - Monitor status saved to /opt/stonk-ai/monitor_status.json
2026-06-29 10:25:03,351 - __main__ - INFO - Monitor status saved to /opt/stonk-ai/monitor_status.json
2026-06-29 10:30:11,001 - __main__ - INFO - Monitor status saved to /opt/stonk-ai/monitor_status.json
2026-06-29 10:35:02,031 - __main__ - INFO - Monitor status saved to /opt/stonk-ai/monitor_status.json
2026-06-29 10:40:01,004 - __main__ - INFO - Monitor status saved to /opt/stonk-ai/monitor_status.json
2026-06-29 10:45:11,022 - __main__ - INFO - Monitor status saved to /opt/stonk-ai/monitor_status.json
2026-06-29 10:50:00,973 - __main__ - INFO - Monitor status saved to /opt/stonk-ai/monitor_status.json
2026-06-29 10:55:02,248 - __main__ - INFO - Monitor status saved to /opt/stonk-ai/monitor_status.json
2026-06-29 11:00:00,969 - __main__ - INFO - Monitor status saved to /opt/stonk-ai/monitor_status.json
2026-06-29 11:05:02,597 - __main__ - INFO - Monitor status saved to /opt/stonk-ai/monitor_status.json
2026-06-29 11:10:01,145 - __main__ - INFO - Monitor status saved to /opt/stonk-ai/monitor_status.json
2026-06-29 11:15:02,849 - __main__ - INFO - Monitor status saved to /opt/stonk-ai/monitor_status.json
2026-06-29 11:18:57,738 - __main__ - INFO - Monitor status saved to /opt/stonk-ai/monitor_status.json
2026-06-29 11:20:11,050 - __main__ - INFO - Monitor status saved to /opt/stonk-ai/monitor_status.json
2026-06-29 11:22:10,701 - __main__ - INFO - Monitor status saved to /opt/stonk-ai/monitor_status.json
2026-06-29 11:25:02,637 - __main__ - INFO - Monitor status saved to /opt/stonk-ai/monitor_status.json
2026-06-29 11:33:55,233 - __main__ - INFO - Monitor status saved to /opt/stonk-ai/monitor_status.json
2026-06-29 11:35:01,393 - __main__ - INFO - Monitor status saved to /opt/stonk-ai/monitor_status.json
2026-06-29 11:40:00,981 - __main__ - INFO - Monitor status saved to /opt/stonk-ai/monitor_status.json
2026-06-29 11:45:03,027 - __main__ - INFO - Monitor status saved to /opt/stonk-ai/monitor_status.json
2026-06-29 11:50:00,988 - __main__ - INFO - Monitor status saved to /opt/stonk-ai/monitor_status.json
2026-06-29 11:55:00,965 - __main__ - INFO - Monitor status saved to /opt/stonk-ai/monitor_status.json
2026-06-29 12:00:11,181 - __main__ - INFO - Monitor status saved to /opt/stonk-ai/monitor_status.json
2026-06-29 12:05:12,235 - __main__ - INFO - Monitor status saved to /opt/stonk-ai/monitor_status.json
2026-06-29 12:10:00,984 - __main__ - INFO - Monitor status saved to /opt/stonk-ai/monitor_status.json
2026-06-29 12:15:01,061 - __main__ - INFO - Monitor status saved to /opt/stonk-ai/monitor_status.json
2026-06-29 12:20:11,006 - __main__ - INFO - Monitor status saved to /opt/stonk-ai/monitor_status.json
2026-06-29 12:25:03,933 - __main__ - INFO - Monitor status saved to /opt/stonk-ai/monitor_status.json
2026-06-29 12:30:00,971 - __main__ - INFO - Monitor status saved to /opt/stonk-ai/monitor_status.json
2026-06-29 12:35:01,147 - __main__ - INFO - Monitor status saved to /opt/stonk-ai/monitor_status.json
2026-06-29 12:40:00,996 - __main__ - INFO - Monitor status saved to /opt/stonk-ai/monitor_status.json
2026-06-29 12:45:02,587 - __main__ - INFO - Monitor status saved to /opt/stonk-ai/monitor_status.json
2026-06-29 12:50:01,035 - __main__ - INFO - Monitor status saved to /opt/stonk-ai/monitor_status.json
2026-06-29 12:55:00,969 - __main__ - INFO - Monitor status saved to /opt/stonk-ai/monitor_status.json
2026-06-29 13:00:01,102 - __main__ - INFO - Monitor status saved to /opt/stonk-ai/monitor_status.json
2026-06-29 13:05:02,994 - __main__ - INFO - Monitor status saved to /opt/stonk-ai/monitor_status.json
2026-06-29 13:10:00,944 - __main__ - INFO - Monitor status saved to /opt/stonk-ai/monitor_status.json
2026-06-29 13:15:03,620 - __main__ - INFO - Monitor status saved to /opt/stonk-ai/monitor_status.json
2026-06-29 13:20:01,064 - __main__ - INFO - Monitor status saved to /opt/stonk-ai/monitor_status.json
2026-06-29 13:25:01,389 - __main__ - INFO - Monitor status saved to /opt/stonk-ai/monitor_status.json
2026-06-29 13:30:01,049 - __main__ - INFO - Monitor status saved to /opt/stonk-ai/monitor_status.json
2026-06-29 13:35:02,316 - __main__ - INFO - Monitor status saved to /opt/stonk-ai/monitor_status.json
2026-06-29 13:40:00,929 - __main__ - INFO - Monitor status saved to /opt/stonk-ai/monitor_status.json
2026-06-29 13:45:01,009 - __main__ - INFO - Monitor status saved to /opt/stonk-ai/monitor_status.json
2026-06-29 13:50:01,160 - __main__ - INFO - Monitor status saved to /opt/stonk-ai/monitor_status.json
2026-06-29 13:55:03,312 - __main__ - INFO - Monitor status saved to /opt/stonk-ai/monitor_status.json
2026-06-29 14:00:01,431 - __main__ - INFO - Monitor status saved to /opt/stonk-ai/monitor_status.json
2026-06-29 14:05:02,840 - __main__ - INFO - Monitor status saved to /opt/stonk-ai/monitor_status.json
2026-06-29 14:10:01,510 - __main__ - INFO - Monitor status saved to /opt/stonk-ai/monitor_status.json
2026-06-29 14:15:04,237 - __main__ - INFO - Monitor status saved to /opt/stonk-ai/monitor_status.json
2026-06-29 14:20:01,616 - __main__ - INFO - Monitor status saved to /opt/stonk-ai/monitor_status.json
2026-06-29 14:25:03,466 - __main__ - INFO - Monitor status saved to /opt/stonk-ai/monitor_status.json
2026-06-29 14:30:01,300 - __main__ - INFO - Monitor status saved to /opt/stonk-ai/monitor_status.json
2026-06-29 14:35:03,529 - __main__ - INFO - Monitor status saved to /opt/stonk-ai/monitor_status.json
2026-06-29 14:40:11,243 - __main__ - INFO - Monitor status saved to /opt/stonk-ai/monitor_status.json
2026-07-06 01:04:09,876 - __main__ - INFO - Monitor status saved to /opt/stonk-ai/monitor_status.json
2026-07-06 02:43:33,832 - __main__ - INFO - Monitor status saved to /opt/stonk-ai/monitor_status.json
