2026-06-25 22:30:01,696 - INFO - Watchlist Feedback Tracker — 2026-06-25T22:30:01.696098+00:00
2026-06-25 22:30:01,701 - INFO - Tracking PSTG (NOW, readiness=73.3, price=$77.63)
2026-06-25 22:30:01,707 - INFO - Tracking TER (WATCH, readiness=69.7, price=$667.66)
2026-06-25 22:30:01,707 - INFO - Tracking MU (WATCH, readiness=69.4, price=$1582.38)
2026-06-25 22:30:01,707 - INFO - Tracking PATH (WATCH, readiness=69.2, price=$15.54)
2026-06-25 22:30:01,707 - INFO - Tracking LRCX (WATCH, readiness=68.9, price=$471.75)
2026-06-25 22:30:01,708 - INFO - Tracking SPOT (WATCH, readiness=68.9, price=$501.68)
2026-06-25 22:30:01,708 - INFO - Tracking NIO (WATCH, readiness=67.8, price=$4.55)
2026-06-25 22:30:01,708 - INFO - Tracking QCOM (WATCH, readiness=66.7, price=$298.21)
2026-06-25 22:30:01,709 - INFO - Tracking NFLX (WATCH, readiness=66.6, price=$65.68)
2026-06-25 22:30:01,709 - INFO - Tracking SNPS (WATCH, readiness=66.3, price=$478.22)
2026-06-25 22:30:01,709 - INFO - Tracking ETSY (WATCH, readiness=65.7, price=$82.45)
2026-06-25 22:30:01,709 - INFO - Tracking PAYO (WATCH, readiness=64.9, price=$8.29)
2026-06-25 22:30:01,709 - INFO - Tracking DUOL (WATCH, readiness=64.4, price=$158.30)
2026-06-25 22:30:01,712 - INFO - Tracking TSLA (WATCH, readiness=64.4, price=$466.98)
2026-06-25 22:30:01,712 - INFO - Tracking KLAC (WATCH, readiness=64.4, price=$326.52)
2026-06-25 22:30:01,713 - INFO - Tracking DKNG (WATCH, readiness=64.3, price=$27.90)
2026-06-25 22:30:01,713 - INFO - Tracking NKE (WATCH, readiness=63.2, price=$39.53)
2026-06-25 22:30:01,713 - INFO - Tracking SNOW (WATCH, readiness=62.9, price=$201.67)
2026-06-25 22:30:01,713 - INFO - Tracking PANW (WATCH, readiness=62.5, price=$310.35)
2026-06-25 22:30:01,713 - INFO - Tracking UBER (WATCH, readiness=62.3, price=$74.49)
2026-06-25 22:30:01,713 - INFO - Tracking CYBR (WATCH, readiness=61.7, price=$592.66)
2026-06-25 22:30:01,713 - INFO - Tracking SWKS (WATCH, readiness=60.7, price=$60.54)
2026-06-25 22:30:01,714 - INFO - Tracking DOCN (WATCH, readiness=60.2, price=$174.75)
2026-06-25 22:30:01,714 - INFO - Tracking MDB (WATCH, readiness=60.0, price=$270.47)
2026-06-25 22:30:01,714 - INFO - Tracking GOOGL (WATCH, readiness=59.8, price=$374.01)
2026-06-25 22:30:01,714 - INFO - Tracking S (WATCH, readiness=59.2, price=$16.83)
2026-06-25 22:30:01,714 - INFO - Tracking LMND (WATCH, readiness=59.1, price=$55.40)
2026-06-25 22:30:01,720 - INFO - Tracking ON (WATCH, readiness=59.0, price=$141.28)
2026-06-25 22:30:01,720 - INFO - Tracking PINS (WATCH, readiness=56.9, price=$21.03)
2026-06-25 22:30:01,720 - INFO - Tracking VEEV (WATCH, readiness=56.5, price=$172.29)
2026-06-25 22:30:01,720 - INFO - Tracking SNAP (WATCH, readiness=55.9, price=$4.57)
2026-06-25 22:30:01,720 - INFO - Tracking EXPE (WATCH, readiness=55.9, price=$260.90)
2026-06-25 22:30:01,720 - INFO - Tracking ZS (WATCH, readiness=55.2, price=$143.35)
2026-06-25 22:30:01,720 - INFO - Tracking DDOG (WATCH, readiness=54.7, price=$230.72)
2026-06-25 22:30:01,720 - INFO - Tracking MSFT (WATCH, readiness=52.9, price=$383.06)
2026-06-25 22:30:01,720 - INFO - Tracking SQ (WATCH, readiness=52.7, price=$80.92)
2026-06-25 22:30:01,720 - INFO - Tracking TTD (WATCH, readiness=51.3, price=$14.11)
2026-06-25 22:30:01,735 - INFO - Done. Total tracked: 0, NOW accuracy: 0%, WATCH accuracy: 0%
2026-06-26 22:30:01,903 - INFO - Watchlist Feedback Tracker — 2026-06-26T22:30:01.903706+00:00
2026-06-26 22:30:01,915 - INFO - Done. Total tracked: 0, NOW accuracy: 0%, WATCH accuracy: 0%
2026-06-29 22:30:01,295 - INFO - Watchlist Feedback Tracker — 2026-06-29T22:30:01.295884+00:00
2026-06-29 22:30:01,302 - INFO - Tracking MRVL (WATCH, readiness=71.3, price=$274.33)
2026-06-29 22:30:01,302 - INFO - Tracking RELY (WATCH, readiness=71.2, price=$23.11)
2026-06-29 22:30:01,302 - INFO - Tracking CAT (WATCH, readiness=70.5, price=$1032.93)
2026-06-29 22:30:01,302 - INFO - Tracking COST (WATCH, readiness=70.4, price=$945.44)
2026-06-29 22:30:01,302 - INFO - Tracking TMO (WATCH, readiness=67.4, price=$504.27)
2026-06-29 22:30:01,302 - INFO - Tracking INTC (WATCH, readiness=67.2, price=$130.56)
2026-06-29 22:30:01,302 - INFO - Tracking LLY (WATCH, readiness=66.9, price=$1228.47)
2026-06-29 22:30:01,302 - INFO - Tracking UNH (WATCH, readiness=66.8, price=$417.68)
2026-06-29 22:30:01,302 - INFO - Tracking ZBH (WATCH, readiness=66.8, price=$91.31)
2026-06-29 22:30:01,303 - INFO - Tracking WBD (WATCH, readiness=66.2, price=$27.05)
2026-06-29 22:30:01,303 - INFO - Tracking WFC (WATCH, readiness=65.6, price=$83.81)
2026-06-29 22:30:01,303 - INFO - Tracking JPM (WATCH, readiness=65.3, price=$330.53)
2026-06-29 22:30:01,303 - INFO - Tracking UNP (WATCH, readiness=65.3, price=$271.72)
2026-06-29 22:30:01,303 - INFO - Tracking DE (WATCH, readiness=65.1, price=$623.14)
2026-06-29 22:30:01,303 - INFO - Tracking SCHW (WATCH, readiness=64.8, price=$90.43)
2026-06-29 22:30:01,303 - INFO - Tracking FTNT (WATCH, readiness=64.7, price=$156.47)
2026-06-29 22:30:01,303 - INFO - Tracking MPC (WATCH, readiness=64.6, price=$259.34)
2026-06-29 22:30:01,303 - INFO - Tracking UPS (WATCH, readiness=64.6, price=$107.87)
2026-06-29 22:30:01,303 - INFO - Tracking RTX (WATCH, readiness=64.5, price=$187.55)
2026-06-29 22:30:01,303 - INFO - Tracking REGN (WATCH, readiness=64.5, price=$631.88)
2026-06-29 22:30:01,303 - INFO - Tracking ILMN (WATCH, readiness=64.1, price=$179.94)
2026-06-29 22:30:01,303 - INFO - Tracking V (WATCH, readiness=64.0, price=$341.95)
2026-06-29 22:30:01,303 - INFO - Tracking OKTA (WATCH, readiness=63.7, price=$130.21)
2026-06-29 22:30:01,303 - INFO - Tracking CDNS (WATCH, readiness=63.4, price=$374.29)
2026-06-29 22:30:01,303 - INFO - Tracking ROKU (WATCH, readiness=63.3, price=$136.27)
2026-06-29 22:30:01,303 - INFO - Tracking VRTX (WATCH, readiness=63.0, price=$497.32)
2026-06-29 22:30:01,303 - INFO - Tracking PYPL (WATCH, readiness=63.0, price=$44.41)
2026-06-29 22:30:01,303 - INFO - Tracking BMY (WATCH, readiness=62.9, price=$58.42)
2026-06-29 22:30:01,303 - INFO - Tracking SHOP (WATCH, readiness=62.3, price=$114.28)
2026-06-29 22:30:01,306 - INFO - Tracking LULU (WATCH, readiness=62.1, price=$114.11)
2026-06-29 22:30:01,306 - INFO - Tracking JNJ (WATCH, readiness=62.0, price=$257.83)
2026-06-29 22:30:01,307 - INFO - Tracking ABBV (WATCH, readiness=61.9, price=$255.31)
2026-06-29 22:30:01,307 - INFO - Tracking MRK (WATCH, readiness=61.6, price=$129.45)
2026-06-29 22:30:01,307 - INFO - Tracking ABNB (WATCH, readiness=61.6, price=$147.56)
2026-06-29 22:30:01,307 - INFO - Tracking GE (WATCH, readiness=61.5, price=$374.21)
2026-06-29 22:30:01,307 - INFO - Tracking CMCSA (WATCH, readiness=61.4, price=$24.42)
2026-06-29 22:30:01,307 - INFO - Tracking NXPI (WATCH, readiness=61.3, price=$276.76)
2026-06-29 22:30:01,307 - INFO - Tracking MS (WATCH, readiness=60.4, price=$212.28)
2026-06-29 22:30:01,307 - INFO - Tracking WMT (WATCH, readiness=60.4, price=$114.72)
2026-06-29 22:30:01,307 - INFO - Tracking BAC (WATCH, readiness=59.4, price=$57.95)
2026-06-29 22:30:01,307 - INFO - Tracking NVDA (WATCH, readiness=58.7, price=$194.81)
2026-06-29 22:30:01,307 - INFO - Tracking GILD (WATCH, readiness=58.6, price=$126.07)
2026-06-29 22:30:01,307 - INFO - Tracking COIN (WATCH, readiness=58.5, price=$151.66)
2026-06-29 22:30:01,307 - INFO - Tracking AVGO (WATCH, readiness=58.4, price=$373.36)
2026-06-29 22:30:01,307 - INFO - Tracking CHTR (WATCH, readiness=57.9, price=$144.35)
2026-06-29 22:30:01,307 - INFO - Tracking PSX (WATCH, readiness=56.0, price=$174.12)
2026-06-29 22:30:01,307 - INFO - Tracking GS (WATCH, readiness=55.5, price=$1021.82)
2026-06-29 22:30:01,307 - INFO - Tracking IBM (WATCH, readiness=55.5, price=$277.52)
2026-06-29 22:30:01,326 - INFO - Done. Total tracked: 0, NOW accuracy: 0%, WATCH accuracy: 0%
2026-06-30 22:30:01,683 - INFO - Watchlist Feedback Tracker — 2026-06-30T22:30:01.683514+00:00
2026-06-30 22:30:01,693 - INFO - Tracking NET (WATCH, readiness=58.5, price=$245.28)
2026-06-30 22:30:01,693 - INFO - Tracking TXN (WATCH, readiness=58.0, price=$298.07)
2026-06-30 22:30:01,693 - INFO - Tracking CHWY (WATCH, readiness=57.1, price=$19.65)
2026-06-30 22:30:01,693 - INFO - Tracking APP (WATCH, readiness=56.7, price=$515.23)
2026-06-30 22:30:01,693 - INFO - Tracking GTLB (WATCH, readiness=56.4, price=$30.53)
2026-06-30 22:30:01,693 - INFO - Tracking LMT (WATCH, readiness=55.9, price=$509.46)
2026-06-30 22:30:02,374 - INFO - PSTG: 5d return = -12.53%
2026-06-30 22:30:02,628 - INFO - TER: 5d return = -37.08%
2026-06-30 22:30:02,879 - INFO - MU: 5d return = -33.53%
2026-06-30 22:30:03,127 - INFO - PATH: 5d return = -34.62%
2026-06-30 22:30:03,372 - INFO - LRCX: 5d return = -21.29%
2026-06-30 22:30:03,599 - INFO - SPOT: 5d return = -9.21%
2026-06-30 22:30:03,823 - INFO - NIO: 5d return = 11.87%
2026-06-30 22:30:04,069 - INFO - QCOM: 5d return = -31.55%
2026-06-30 22:30:04,293 - INFO - NFLX: 5d return = 10.87%
2026-06-30 22:30:04,553 - INFO - SNPS: 5d return = -3.5%
2026-06-30 22:30:04,796 - INFO - ETSY: 5d return = -9.17%
2026-06-30 22:30:05,016 - INFO - PAYO: 5d return = -14.84%
2026-06-30 22:30:05,268 - INFO - DUOL: 5d return = -16.5%
2026-06-30 22:30:05,517 - INFO - TSLA: 5d return = -18.28%
2026-06-30 22:30:05,732 - INFO - KLAC: 5d return = -25.12%
2026-06-30 22:30:05,970 - INFO - DKNG: 5d return = -9.86%
2026-06-30 22:30:06,195 - INFO - NKE: 5d return = 7.21%
2026-06-30 22:30:06,424 - INFO - SNOW: 5d return = 14.25%
2026-06-30 22:30:06,650 - INFO - PANW: 5d return = -6.26%
2026-06-30 22:30:06,896 - INFO - UBER: 5d return = -6.47%
2026-06-30 22:30:07,353 - INFO - CYBR: 5d return = -27.45%
2026-06-30 22:30:07,584 - INFO - SWKS: 5d return = 21.31%
2026-06-30 22:30:07,804 - INFO - DOCN: 5d return = -10.05%
2026-06-30 22:30:08,020 - INFO - MDB: 5d return = 18.67%
2026-06-30 22:30:08,252 - INFO - GOOGL: 5d return = -7.45%
2026-06-30 22:30:08,472 - INFO - S: 5d return = -10.1%
2026-06-30 22:30:08,712 - INFO - LMND: 5d return = 4.49%
2026-06-30 22:30:08,946 - INFO - ON: 5d return = -17.14%
2026-06-30 22:30:09,176 - INFO - PINS: 5d return = -7.13%
2026-06-30 22:30:09,405 - INFO - VEEV: 5d return = -7.3%
2026-06-30 22:30:09,635 - INFO - SNAP: 5d return = -2.41%
2026-06-30 22:30:09,863 - INFO - EXPE: 5d return = -6.07%
2026-06-30 22:30:10,085 - INFO - ZS: 5d return = -11.98%
2026-06-30 22:30:10,305 - INFO - DDOG: 5d return = -4.4%
2026-06-30 22:30:10,534 - INFO - MSFT: 5d return = -2.38%
2026-06-30 22:30:11,006 - INFO - SQ: 5d return = 7.75%
2026-06-30 22:30:11,240 - INFO - TTD: 5d return = 27.07%
2026-06-30 22:30:11,243 - INFO - Done. Total tracked: 0, NOW accuracy: 0%, WATCH accuracy: 0%
2026-07-01 22:30:01,329 - INFO - Watchlist Feedback Tracker — 2026-07-01T22:30:01.329365+00:00
2026-07-01 22:30:01,334 - INFO - Tracking ELF (WATCH, readiness=70.4, price=$78.75)
2026-07-01 22:30:01,334 - INFO - Tracking ESTC (WATCH, readiness=65.6, price=$58.45)
2026-07-01 22:30:01,334 - INFO - Tracking AMD (WATCH, readiness=57.8, price=$540.88)
2026-07-01 22:30:01,334 - INFO - Tracking FIS (WATCH, readiness=57.8, price=$40.80)
2026-07-01 22:30:01,334 - INFO - Tracking RIVN (WATCH, readiness=56.6, price=$17.18)
2026-07-01 22:30:01,334 - INFO - Tracking AMAT (WATCH, readiness=55.2, price=$650.91)
2026-07-01 22:30:01,344 - INFO - Done. Total tracked: 0, NOW accuracy: 0%, WATCH accuracy: 0%
2026-07-02 22:30:02,056 - INFO - Watchlist Feedback Tracker — 2026-07-02T22:30:02.056552+00:00
2026-07-02 22:30:02,085 - INFO - Tracking PLTR (NOW, readiness=76.2, price=$129.30)
2026-07-02 22:30:02,086 - INFO - Tracking HOOD (NOW, readiness=74.0, price=$112.73)
2026-07-02 22:30:02,086 - INFO - Tracking CRWD (NOW, readiness=74.0, price=$193.98)
2026-07-02 22:30:02,086 - INFO - Tracking AFRM (NOW, readiness=73.8, price=$84.58)
2026-07-02 22:30:02,086 - INFO - Tracking ISRG (WATCH, readiness=65.8, price=$426.01)
2026-07-02 22:30:02,086 - INFO - Tracking DIS (WATCH, readiness=64.8, price=$99.50)
2026-07-02 22:30:02,086 - INFO - Tracking HON (WATCH, readiness=63.9, price=$229.86)
2026-07-02 22:30:02,086 - INFO - Tracking AAPL (WATCH, readiness=63.3, price=$308.63)
2026-07-02 22:30:02,086 - INFO - Tracking INTU (WATCH, readiness=59.9, price=$275.35)
2026-07-02 22:30:02,086 - INFO - Tracking ADBE (WATCH, readiness=59.6, price=$219.72)
2026-07-02 22:30:02,086 - INFO - Tracking CRM (WATCH, readiness=59.2, price=$166.11)
2026-07-02 22:30:02,086 - INFO - Tracking BLK (WATCH, readiness=58.9, price=$995.73)
2026-07-02 22:30:02,086 - INFO - Tracking TMUS (WATCH, readiness=58.1, price=$177.52)
2026-07-02 22:30:02,086 - INFO - Tracking AMZN (WATCH, readiness=56.3, price=$242.67)
2026-07-02 22:30:02,107 - INFO - Done. Total tracked: 0, NOW accuracy: 0%, WATCH accuracy: 0%
2026-07-03 22:30:01,446 - INFO - Watchlist Feedback Tracker — 2026-07-03T22:30:01.446323+00:00
2026-07-03 22:30:01,466 - INFO - Tracking UPST (NOW, readiness=74.4, price=$34.78)
2026-07-03 22:30:01,466 - INFO - Tracking SOFI (NOW, readiness=73.2, price=$18.24)
2026-07-03 22:30:01,485 - INFO - Done. Total tracked: 0, NOW accuracy: 0%, WATCH accuracy: 0%
