[DONE] Wrote correlation report for 11 trades to /opt/stonk-ai/options_skew_correlation_report.json
{
  "iv_30d_vs_pnl": 0.0017,
  "iv_skew_vs_pnl": -0.3508,
  "iv_rank_vs_pnl": -0.9408
}
{
  "high_skew_ge_1.1": {
    "wins": 1,
    "total": 3,
    "win_rate": 0.3333,
    "avg_pnl_pct": 0.0
  },
  "low_skew_le_1.0": {
    "wins": 2,
    "total": 2,
    "win_rate": 1.0,
    "avg_pnl_pct": 0.0363
  }
}
[DONE] Wrote correlation report for 13 trades to /opt/stonk-ai/options_skew_correlation_report.json
{
  "iv_30d_vs_pnl": -0.1989,
  "iv_skew_vs_pnl": 0.3899,
  "iv_rank_vs_pnl": -0.371
}
{
  "high_skew_ge_1.1": {
    "wins": 2,
    "total": 3,
    "win_rate": 0.6667,
    "avg_pnl_pct": 0.0211
  },
  "low_skew_le_1.0": {
    "wins": 1,
    "total": 1,
    "win_rate": 1.0,
    "avg_pnl_pct": 0.0433
  }
}
[DONE] Wrote correlation report for 9 trades to /opt/stonk-ai/options_skew_correlation_report.json
{
  "iv_30d_vs_pnl": 0.2291,
  "iv_skew_vs_pnl": -0.1858,
  "iv_rank_vs_pnl": 0.3793
}
{
  "high_skew_ge_1.1": {
    "wins": 1,
    "total": 2,
    "win_rate": 0.5,
    "avg_pnl_pct": 0.0046
  },
  "low_skew_le_1.0": {
    "wins": 2,
    "total": 3,
    "win_rate": 0.6667,
    "avg_pnl_pct": 0.0142
  }
}
[DONE] Wrote correlation report for 9 trades to /opt/stonk-ai/options_skew_correlation_report.json
{
  "iv_30d_vs_pnl": 0.2291,
  "iv_skew_vs_pnl": -0.1858,
  "iv_rank_vs_pnl": 0.3793
}
{
  "high_skew_ge_1.1": {
    "wins": 1,
    "total": 2,
    "win_rate": 0.5,
    "avg_pnl_pct": 0.0046
  },
  "low_skew_le_1.0": {
    "wins": 2,
    "total": 3,
    "win_rate": 0.6667,
    "avg_pnl_pct": 0.0142
  }
}
[DONE] Wrote correlation report for 9 trades to /opt/stonk-ai/options_skew_correlation_report.json
{
  "iv_30d_vs_pnl": 0.2291,
  "iv_skew_vs_pnl": -0.1858,
  "iv_rank_vs_pnl": 0.3793
}
{
  "high_skew_ge_1.1": {
    "wins": 1,
    "total": 2,
    "win_rate": 0.5,
    "avg_pnl_pct": 0.0046
  },
  "low_skew_le_1.0": {
    "wins": 2,
    "total": 3,
    "win_rate": 0.6667,
    "avg_pnl_pct": 0.0142
  }
}
