2026-06-26 13:38:03,406 INFO Universe: 75 symbols
2026-06-26 13:38:03,408 INFO Skipping 9 fresh symbols (TTL 12h)
2026-06-26 13:38:03,408 INFO Enriching 66 symbols (full) in batches of 10
2026-06-26 13:38:07,903 INFO Enriched 1/66: LRCX
2026-06-26 13:38:13,673 INFO Enriched 2/66: AMAT
2026-06-26 13:38:19,454 INFO Enriched 3/66: KLAC
2026-06-26 13:38:25,196 INFO Enriched 4/66: SNPS
2026-06-26 13:38:30,955 INFO Enriched 5/66: CDNS
2026-06-26 13:38:36,702 INFO Enriched 6/66: MRVL
2026-06-26 13:38:42,456 INFO Enriched 7/66: NXPI
2026-06-26 13:38:48,327 INFO Enriched 8/66: QCOM
2026-06-26 13:38:54,088 INFO Enriched 9/66: SWKS
2026-06-26 13:38:59,829 INFO Enriched 10/66: TER
2026-06-26 13:38:59,834 INFO Saved enrichment (75 symbols) to /opt/stonk-ai/signal_enrichment.json
2026-06-26 13:38:59,849 INFO Batch checkpoint (10/66), pausing 2s
2026-06-26 13:39:06,311 INFO Enriched 11/66: ON
2026-06-26 13:39:12,077 INFO Enriched 12/66: CRWD
2026-06-26 13:39:17,829 INFO Enriched 13/66: PANW
2026-06-26 13:39:23,598 INFO Enriched 14/66: ZS
2026-06-26 13:39:29,365 INFO Enriched 15/66: NET
2026-06-26 13:39:35,159 INFO Enriched 16/66: DDOG
2026-06-26 13:39:40,945 INFO Enriched 17/66: OKTA
2026-06-26 13:39:46,702 INFO Enriched 18/66: FTNT
2026-06-26 13:39:52,438 INFO Enriched 19/66: CYBR
2026-06-26 13:39:58,200 INFO Enriched 20/66: S
2026-06-26 13:39:58,206 INFO Saved enrichment (75 symbols) to /opt/stonk-ai/signal_enrichment.json
2026-06-26 13:39:58,219 INFO Batch checkpoint (20/66), pausing 2s
2026-06-26 13:40:05,337 INFO Enriched 21/66: PATH
2026-06-26 13:40:11,121 INFO Enriched 22/66: PLTR
2026-06-26 13:40:16,893 INFO Enriched 23/66: SNOW
2026-06-26 13:40:22,663 INFO Enriched 24/66: MDB
2026-06-26 13:40:28,445 INFO Enriched 25/66: GTLB
2026-06-26 13:40:34,179 INFO Enriched 26/66: CFLT
2026-06-26 13:40:39,932 INFO Enriched 27/66: ESTC
2026-06-26 13:40:45,706 INFO Enriched 28/66: PSTG
2026-06-26 13:40:51,472 INFO Enriched 29/66: DOCN
2026-06-26 13:40:57,249 INFO Enriched 30/66: VEEV
2026-06-26 13:40:57,254 INFO Saved enrichment (75 symbols) to /opt/stonk-ai/signal_enrichment.json
2026-06-26 13:40:57,272 INFO Batch checkpoint (30/66), pausing 2s
2026-06-26 13:41:03,744 INFO Enriched 31/66: TEAM
2026-06-26 13:41:09,512 INFO Enriched 32/66: NOW
2026-06-26 13:41:15,303 INFO Enriched 33/66: HOOD
2026-06-26 13:41:21,088 INFO Enriched 34/66: COIN
2026-06-26 13:41:26,839 INFO Enriched 35/66: SQ
2026-06-26 13:41:32,593 INFO Enriched 36/66: UPST
2026-06-26 13:41:38,321 INFO Enriched 37/66: AFRM
2026-06-26 13:41:44,091 INFO Enriched 38/66: SOFI
2026-06-26 13:41:49,827 INFO Enriched 39/66: PAYO
2026-06-26 13:41:55,554 INFO Enriched 40/66: LMND
2026-06-26 13:41:55,562 INFO Saved enrichment (75 symbols) to /opt/stonk-ai/signal_enrichment.json
2026-06-26 13:41:55,578 INFO Batch checkpoint (40/66), pausing 2s
2026-06-26 13:42:02,026 INFO Enriched 41/66: RELY
2026-06-26 13:42:07,855 INFO Enriched 42/66: UBER
2026-06-26 13:42:13,607 INFO Enriched 43/66: DKNG
2026-06-26 13:42:19,348 INFO Enriched 44/66: SHOP
2026-06-26 13:42:25,133 INFO Enriched 45/66: TTD
2026-06-26 13:42:30,900 INFO Enriched 46/66: ROKU
2026-06-26 13:42:36,673 INFO Enriched 47/66: PINS
2026-06-26 13:42:42,430 INFO Enriched 48/66: SNAP
2026-06-26 13:42:48,203 INFO Enriched 49/66: ABNB
2026-06-26 13:42:53,941 INFO Enriched 50/66: EXPE
2026-06-26 13:42:53,946 INFO Saved enrichment (75 symbols) to /opt/stonk-ai/signal_enrichment.json
2026-06-26 13:42:53,962 INFO Batch checkpoint (50/66), pausing 2s
2026-06-26 13:43:00,448 INFO Enriched 51/66: SPOT
2026-06-26 13:43:06,258 INFO Enriched 52/66: ELF
2026-06-26 13:43:12,030 INFO Enriched 53/66: APP
2026-06-26 13:43:17,787 INFO Enriched 54/66: DUOL
2026-06-26 13:43:23,535 INFO Enriched 55/66: CHWY
2026-06-26 13:43:29,293 INFO Enriched 56/66: ETSY
2026-06-26 13:43:35,058 INFO Enriched 57/66: LULU
2026-06-26 13:43:40,822 INFO Enriched 58/66: NKE
2026-06-26 13:43:46,612 INFO Enriched 59/66: COST
2026-06-26 13:43:52,359 INFO Enriched 60/66: WMT
2026-06-26 13:43:52,365 INFO Saved enrichment (75 symbols) to /opt/stonk-ai/signal_enrichment.json
2026-06-26 13:43:52,375 INFO Batch checkpoint (60/66), pausing 2s
2026-06-26 13:43:58,854 INFO Enriched 61/66: HD
2026-06-26 13:44:04,615 INFO Enriched 62/66: TSLA
2026-06-26 13:44:10,375 INFO Enriched 63/66: RIVN
2026-06-26 13:44:16,158 INFO Enriched 64/66: LCID
2026-06-26 13:44:21,936 INFO Enriched 65/66: NIO
2026-06-26 13:44:27,677 INFO Enriched 66/66: XPEV
2026-06-26 13:44:27,684 INFO Saved enrichment (75 symbols) to /opt/stonk-ai/signal_enrichment.json
2026-06-26 13:44:27,702 INFO Saved enrichment (75 symbols) to /opt/stonk-ai/signal_enrichment.json
2026-06-26 13:44:27,702 INFO Done. Enriched 75 symbols total.
