2026-07-01 09:00:02,760 - INFO - Running liquidity report for 20 symbols...
2026-07-01 09:00:15,079 - INFO - Wrote /opt/stonk-ai/liquidity_report.json
2026-07-01 09:00:15,079 - INFO - Warnings (9): [{'symbol': 'AMAT', 'spread_bps': 39.04}, {'symbol': 'AMD', 'spread_bps': 23.29}, {'symbol': 'HD', 'spread_bps': 38.65}, {'symbol': 'JPM', 'spread_bps': 38.28}, {'symbol': 'KLAC', 'spread_bps': 36.95}, {'symbol': 'LLY', 'spread_bps': 41.49}, {'symbol': 'LRCX', 'spread_bps': 45.55}, {'symbol': 'MRVL', 'spread_bps': 33.08}, {'symbol': 'PAYO', 'spread_bps': 49.4}]
2026-07-01 09:00:15,079 - INFO - Critical (7): [{'symbol': 'AFRM', 'spread_bps': 81.3}, {'symbol': 'LMND', 'spread_bps': 270.27}, {'symbol': 'RELY', 'spread_bps': 355.91}, {'symbol': 'TER', 'spread_bps': 94.33}, {'symbol': 'TMO', 'spread_bps': 395.79}, {'symbol': 'UNP', 'spread_bps': 498.81}, {'symbol': 'UPST', 'spread_bps': 96.21}]
2026-07-01 13:00:02,584 - INFO - Running liquidity report for 20 symbols...
2026-07-01 13:00:15,008 - INFO - Wrote /opt/stonk-ai/liquidity_report.json
2026-07-01 13:00:15,009 - INFO - Warnings (6): [{'symbol': 'AFRM', 'spread_bps': 30.58}, {'symbol': 'HD', 'spread_bps': 35.91}, {'symbol': 'LLY', 'spread_bps': 24.69}, {'symbol': 'TER', 'spread_bps': 20.17}, {'symbol': 'UPST', 'spread_bps': 23.95}, {'symbol': 'V', 'spread_bps': 26.35}]
2026-07-01 13:00:15,009 - INFO - Critical (4): [{'symbol': 'LMND', 'spread_bps': 74.12}, {'symbol': 'RELY', 'spread_bps': 69.65}, {'symbol': 'TMO', 'spread_bps': 279.44}, {'symbol': 'UNP', 'spread_bps': 60.44}]
2026-07-02 09:00:02,244 - INFO - Running liquidity report for 25 symbols...
2026-07-02 09:00:14,420 - INFO - Wrote /opt/stonk-ai/liquidity_report.json
2026-07-02 09:00:14,420 - INFO - Warnings (4): [{'symbol': 'HOOD', 'spread_bps': 29.28}, {'symbol': 'MDB', 'spread_bps': 48.44}, {'symbol': 'PAYO', 'spread_bps': 35.215}, {'symbol': 'UBER', 'spread_bps': 21.31}]
2026-07-02 09:00:14,420 - INFO - Critical (18): [{'symbol': 'ABNB', 'spread_bps': 123.66}, {'symbol': 'AFRM', 'spread_bps': 176.86}, {'symbol': 'APP', 'spread_bps': 59.69}, {'symbol': 'CRWD', 'spread_bps': 142.015}, {'symbol': 'DDOG', 'spread_bps': 84.51}, {'symbol': 'DUOL', 'spread_bps': 149.66}, {'symbol': 'ETSY', 'spread_bps': 676.1}, {'symbol': 'EXPE', 'spread_bps': 236.58}, {'symbol': 'GTLB', 'spread_bps': 225.63}, {'symbol': 'HD', 'spread_bps': 65.95}, {'symbol': 'PATH', 'spread_bps': 81.58}, {'symbol': 'PINS', 'spread_bps': 52.28}, {'symbol': 'ROKU', 'spread_bps': 63.88}, {'symbol': 'S', 'spread_bps': 70.92}, {'symbol': 'SHOP', 'spread_bps': 89.2}, {'symbol': 'SNOW', 'spread_bps': 77.04}, {'symbol': 'SPOT', 'spread_bps': 97.86}, {'symbol': 'UPST', 'spread_bps': 56.02}]
2026-07-02 13:00:02,807 - INFO - Running liquidity report for 24 symbols...
2026-07-02 13:00:16,783 - INFO - Wrote /opt/stonk-ai/liquidity_report.json
2026-07-02 13:00:16,783 - INFO - Warnings (10): [{'symbol': 'AFRM', 'spread_bps': 34.855000000000004}, {'symbol': 'APP', 'spread_bps': 31.04}, {'symbol': 'HD', 'spread_bps': 22.87}, {'symbol': 'PATH', 'spread_bps': 47.39}, {'symbol': 'PAYO', 'spread_bps': 21.08}, {'symbol': 'PINS', 'spread_bps': 31.72}, {'symbol': 'ROKU', 'spread_bps': 33.44}, {'symbol': 'SHOP', 'spread_bps': 32.84}, {'symbol': 'SNOW', 'spread_bps': 30.56}, {'symbol': 'SPOT', 'spread_bps': 32.06}]
2026-07-02 13:00:16,783 - INFO - Critical (9): [{'symbol': 'ABNB', 'spread_bps': 80.57}, {'symbol': 'DDOG', 'spread_bps': 94.16}, {'symbol': 'DUOL', 'spread_bps': 57.36}, {'symbol': 'ETSY', 'spread_bps': 200.275}, {'symbol': 'EXPE', 'spread_bps': 217.66}, {'symbol': 'GTLB', 'spread_bps': 123.69}, {'symbol': 'MDB', 'spread_bps': 94.8}, {'symbol': 'S', 'spread_bps': 71.33}, {'symbol': 'UPST', 'spread_bps': 52.62}]
2026-07-03 09:00:01,830 - INFO - Running liquidity report for 20 symbols...
2026-07-03 09:00:07,955 - INFO - Wrote /opt/stonk-ai/liquidity_report.json
2026-07-03 09:00:07,955 - INFO - Warnings (0): []
2026-07-03 09:00:07,955 - INFO - Critical (0): []
2026-07-03 13:00:02,025 - INFO - Running liquidity report for 20 symbols...
2026-07-03 13:00:08,110 - INFO - Wrote /opt/stonk-ai/liquidity_report.json
2026-07-03 13:00:08,110 - INFO - Warnings (0): []
2026-07-03 13:00:08,110 - INFO - Critical (0): []
2026-07-06 09:00:02,916 - INFO - Running liquidity report for 24 symbols...
2026-07-06 09:00:15,338 - INFO - Wrote /opt/stonk-ai/liquidity_report.json
2026-07-06 09:00:15,338 - INFO - Warnings (3): [{'symbol': 'HD', 'spread_bps': 28.86}, {'symbol': 'NKE', 'spread_bps': 24.9}, {'symbol': 'UBER', 'spread_bps': 20.75}]
2026-07-06 09:00:15,338 - INFO - Critical (17): [{'symbol': 'ABNB', 'spread_bps': 63.974999999999994}, {'symbol': 'AFRM', 'spread_bps': 75.06}, {'symbol': 'DDOG', 'spread_bps': 73.96}, {'symbol': 'DUOL', 'spread_bps': 158.73}, {'symbol': 'ELF', 'spread_bps': 423.99}, {'symbol': 'ETSY', 'spread_bps': 353.79}, {'symbol': 'EXPE', 'spread_bps': 185.87}, {'symbol': 'GTLB', 'spread_bps': 151.63}, {'symbol': 'LMND', 'spread_bps': 84.39}, {'symbol': 'MDB', 'spread_bps': 127.95}, {'symbol': 'PANW', 'spread_bps': 71.9}, {'symbol': 'PINS', 'spread_bps': 125.43}, {'symbol': 'ROKU', 'spread_bps': 188.33}, {'symbol': 'S', 'spread_bps': 127.31}, {'symbol': 'SNOW', 'spread_bps': 63.79}, {'symbol': 'SPOT', 'spread_bps': 50.47}, {'symbol': 'UPST', 'spread_bps': 118.12}]
