/opt/stonk-ai/reconstruct_portfolio_history.py:26: DeprecationWarning: datetime.datetime.utcnow() is deprecated and scheduled for removal in a future version. Use timezone-aware objects to represent datetimes in UTC: datetime.datetime.now(datetime.UTC).
  end_date = datetime.utcnow().strftime("%Y-%m-%d")
/opt/stonk-ai/reconstruct_portfolio_history.py:141: DeprecationWarning: datetime.datetime.utcnow() is deprecated and scheduled for removal in a future version. Use timezone-aware objects to represent datetimes in UTC: datetime.datetime.now(datetime.UTC).
  output = {"checks": checks, "reconstructed": True, "last_reconstructed": datetime.utcnow().isoformat() + "Z"}
Symbols: ['AAPL', 'ABNB', 'AFRM', 'AMAT', 'AMD', 'AMZN', 'APP', 'AVGO', 'CDNS', 'COIN', 'COST', 'CRWD', 'DKNG', 'ELF', 'GOOGL', 'GTLB', 'HD', 'HOOD', 'LCID', 'LULU', 'META', 'MRVL', 'MSFT', 'NIO', 'NVDA', 'NXPI', 'PLTR', 'RIVN', 'ROKU', 'SCHD', 'SGOV', 'SHOP', 'SOFI', 'UPST', 'XPEV']
Range: 2026-06-04 to 2026-06-27
  AAPL: 16 bars
  ABNB: 16 bars
  AFRM: 16 bars
  AMAT: 16 bars
  AMD: 16 bars
  AMZN: 16 bars
  APP: 16 bars
  AVGO: 16 bars
  CDNS: 16 bars
  COIN: 16 bars
  COST: 16 bars
  CRWD: 16 bars
  DKNG: 16 bars
  ELF: 16 bars
  GOOGL: 16 bars
  GTLB: 16 bars
  HD: 16 bars
  HOOD: 16 bars
  LCID: 16 bars
  LULU: 16 bars
  META: 16 bars
  MRVL: 16 bars
  MSFT: 16 bars
  NIO: 16 bars
  NVDA: 16 bars
  NXPI: 16 bars
  PLTR: 16 bars
  RIVN: 16 bars
  ROKU: 16 bars
  SCHD: 16 bars
  SGOV: 16 bars
  SHOP: 16 bars
  SOFI: 16 bars
  UPST: 16 bars
  XPEV: 16 bars
  Benchmark SPY: 16 bars

Wrote 24 daily snapshots
First: 2026-06-04 $100,394.50
Last: 2026-06-27 $96,829.89
Peak: $104,011.02
Trough: $94,541.13
/opt/stonk-ai/reconstruct_portfolio_history.py:26: DeprecationWarning: datetime.datetime.utcnow() is deprecated and scheduled for removal in a future version. Use timezone-aware objects to represent datetimes in UTC: datetime.datetime.now(datetime.UTC).
  end_date = datetime.utcnow().strftime("%Y-%m-%d")
/opt/stonk-ai/reconstruct_portfolio_history.py:141: DeprecationWarning: datetime.datetime.utcnow() is deprecated and scheduled for removal in a future version. Use timezone-aware objects to represent datetimes in UTC: datetime.datetime.now(datetime.UTC).
  output = {"checks": checks, "reconstructed": True, "last_reconstructed": datetime.utcnow().isoformat() + "Z"}
Symbols: ['AAPL', 'ABNB', 'AFRM', 'AMAT', 'AMD', 'AMZN', 'APP', 'AVGO', 'CDNS', 'COIN', 'COST', 'CRWD', 'DKNG', 'ELF', 'GOOGL', 'GTLB', 'HD', 'HOOD', 'LCID', 'LULU', 'META', 'MRVL', 'MSFT', 'NIO', 'NVDA', 'NXPI', 'PLTR', 'RIVN', 'ROKU', 'SCHD', 'SGOV', 'SHOP', 'SOFI', 'UPST', 'XPEV']
Range: 2026-06-04 to 2026-06-28
  AAPL: 16 bars
  ABNB: 16 bars
  AFRM: 16 bars
  AMAT: 16 bars
  AMD: 16 bars
  AMZN: 16 bars
  APP: 16 bars
  AVGO: 16 bars
  CDNS: 16 bars
  COIN: 16 bars
  COST: 16 bars
  CRWD: 16 bars
  DKNG: 16 bars
  ELF: 16 bars
  GOOGL: 16 bars
  GTLB: 16 bars
  HD: 16 bars
  HOOD: 16 bars
  LCID: 16 bars
  LULU: 16 bars
  META: 16 bars
  MRVL: 16 bars
  MSFT: 16 bars
  NIO: 16 bars
  NVDA: 16 bars
  NXPI: 16 bars
  PLTR: 16 bars
  RIVN: 16 bars
  ROKU: 16 bars
  SCHD: 16 bars
  SGOV: 16 bars
  SHOP: 16 bars
  SOFI: 16 bars
  UPST: 16 bars
  XPEV: 16 bars
  Benchmark SPY: 16 bars

Wrote 25 daily snapshots
First: 2026-06-04 $100,394.50
Last: 2026-06-28 $96,829.89
Peak: $104,011.02
Trough: $94,541.13
/opt/stonk-ai/reconstruct_portfolio_history.py:26: DeprecationWarning: datetime.datetime.utcnow() is deprecated and scheduled for removal in a future version. Use timezone-aware objects to represent datetimes in UTC: datetime.datetime.now(datetime.UTC).
  end_date = datetime.utcnow().strftime("%Y-%m-%d")
/opt/stonk-ai/reconstruct_portfolio_history.py:141: DeprecationWarning: datetime.datetime.utcnow() is deprecated and scheduled for removal in a future version. Use timezone-aware objects to represent datetimes in UTC: datetime.datetime.now(datetime.UTC).
  output = {"checks": checks, "reconstructed": True, "last_reconstructed": datetime.utcnow().isoformat() + "Z"}
Symbols: ['AAPL', 'ABNB', 'AFRM', 'AMAT', 'AMD', 'AMZN', 'APP', 'AVGO', 'CDNS', 'COIN', 'COST', 'CRWD', 'DKNG', 'ELF', 'GOOGL', 'GTLB', 'HD', 'HOOD', 'LCID', 'LRCX', 'LULU', 'META', 'MRVL', 'MSFT', 'MU', 'NIO', 'NVDA', 'NXPI', 'PLTR', 'RIVN', 'ROKU', 'SCHD', 'SGOV', 'SHOP', 'SOFI', 'TER', 'UPST', 'XPEV']
Range: 2026-06-04 to 2026-06-29
  AAPL: 17 bars
  ABNB: 17 bars
  AFRM: 17 bars
  AMAT: 17 bars
  AMD: 17 bars
  AMZN: 17 bars
  APP: 17 bars
  AVGO: 17 bars
  CDNS: 17 bars
  COIN: 17 bars
  COST: 17 bars
  CRWD: 17 bars
  DKNG: 17 bars
  ELF: 17 bars
  GOOGL: 17 bars
  GTLB: 17 bars
  HD: 17 bars
  HOOD: 17 bars
  LCID: 17 bars
  LRCX: 17 bars
  LULU: 17 bars
  META: 17 bars
  MRVL: 17 bars
  MSFT: 17 bars
  MU: 17 bars
  NIO: 17 bars
  NVDA: 17 bars
  NXPI: 17 bars
  PLTR: 17 bars
  RIVN: 17 bars
  ROKU: 17 bars
  SCHD: 17 bars
  SGOV: 17 bars
  SHOP: 17 bars
  SOFI: 17 bars
  TER: 17 bars
  UPST: 17 bars
  XPEV: 17 bars
  Benchmark SPY: 17 bars

Wrote 26 daily snapshots
First: 2026-06-04 $100,394.50
Last: 2026-06-29 $99,538.59
Peak: $104,011.02
Trough: $94,541.13
/opt/stonk-ai/reconstruct_portfolio_history.py:26: DeprecationWarning: datetime.datetime.utcnow() is deprecated and scheduled for removal in a future version. Use timezone-aware objects to represent datetimes in UTC: datetime.datetime.now(datetime.UTC).
  end_date = datetime.utcnow().strftime("%Y-%m-%d")
/opt/stonk-ai/reconstruct_portfolio_history.py:141: DeprecationWarning: datetime.datetime.utcnow() is deprecated and scheduled for removal in a future version. Use timezone-aware objects to represent datetimes in UTC: datetime.datetime.now(datetime.UTC).
  output = {"checks": checks, "reconstructed": True, "last_reconstructed": datetime.utcnow().isoformat() + "Z"}
Symbols: ['AAPL', 'ABNB', 'AFRM', 'AMAT', 'AMD', 'AMZN', 'APP', 'AVGO', 'CAT', 'CDNS', 'COIN', 'COST', 'CRWD', 'DKNG', 'ELF', 'EXPE', 'GOOGL', 'GTLB', 'HD', 'HOOD', 'LCID', 'LMND', 'LRCX', 'LULU', 'META', 'MRVL', 'MSFT', 'MU', 'NIO', 'NVDA', 'NXPI', 'PAYO', 'PLTR', 'RIVN', 'ROKU', 'SCHD', 'SGOV', 'SHOP', 'SOFI', 'TER', 'UBER', 'UPST', 'XPEV']
Range: 2026-06-04 to 2026-06-30
  AAPL: 18 bars
  ABNB: 18 bars
  AFRM: 18 bars
  AMAT: 18 bars
  AMD: 18 bars
  AMZN: 18 bars
  APP: 18 bars
  AVGO: 18 bars
  CAT: 18 bars
  CDNS: 18 bars
  COIN: 18 bars
  COST: 18 bars
  CRWD: 18 bars
  DKNG: 18 bars
  ELF: 18 bars
  EXPE: 18 bars
  GOOGL: 18 bars
  GTLB: 18 bars
  HD: 18 bars
  HOOD: 18 bars
  LCID: 18 bars
  LMND: 18 bars
  LRCX: 18 bars
  LULU: 18 bars
  META: 18 bars
  MRVL: 18 bars
  MSFT: 18 bars
  MU: 18 bars
  NIO: 18 bars
  NVDA: 18 bars
  NXPI: 18 bars
  PAYO: 18 bars
  PLTR: 18 bars
  RIVN: 18 bars
  ROKU: 18 bars
  SCHD: 18 bars
  SGOV: 18 bars
  SHOP: 18 bars
  SOFI: 18 bars
  TER: 18 bars
  UBER: 18 bars
  UPST: 18 bars
  XPEV: 18 bars
  Benchmark SPY: 18 bars

Wrote 27 daily snapshots
First: 2026-06-04 $100,394.50
Last: 2026-06-30 $100,265.06
Peak: $104,011.02
Trough: $94,541.13
/opt/stonk-ai/reconstruct_portfolio_history.py:26: DeprecationWarning: datetime.datetime.utcnow() is deprecated and scheduled for removal in a future version. Use timezone-aware objects to represent datetimes in UTC: datetime.datetime.now(datetime.UTC).
  end_date = datetime.utcnow().strftime("%Y-%m-%d")
/opt/stonk-ai/reconstruct_portfolio_history.py:141: DeprecationWarning: datetime.datetime.utcnow() is deprecated and scheduled for removal in a future version. Use timezone-aware objects to represent datetimes in UTC: datetime.datetime.now(datetime.UTC).
  output = {"checks": checks, "reconstructed": True, "last_reconstructed": datetime.utcnow().isoformat() + "Z"}
Symbols: ['AAPL', 'ABNB', 'AFRM', 'AMAT', 'AMD', 'AMZN', 'APP', 'AVGO', 'CAT', 'CDNS', 'CHWY', 'COIN', 'COST', 'CRWD', 'DDOG', 'DKNG', 'DUOL', 'ELF', 'ETSY', 'EXPE', 'GOOGL', 'GTLB', 'HD', 'HOOD', 'LCID', 'LMND', 'LRCX', 'LULU', 'MDB', 'META', 'MRVL', 'MSFT', 'MU', 'NIO', 'NVDA', 'NXPI', 'PATH', 'PAYO', 'PINS', 'PLTR', 'RIVN', 'ROKU', 'S', 'SCHD', 'SGOV', 'SHOP', 'SNOW', 'SOFI', 'SPOT', 'TER', 'UBER', 'UPST', 'XPEV']
Range: 2026-06-04 to 2026-07-01
  AAPL: 19 bars
  ABNB: 19 bars
  AFRM: 19 bars
  AMAT: 19 bars
  AMD: 19 bars
  AMZN: 19 bars
  APP: 19 bars
  AVGO: 19 bars
  CAT: 19 bars
  CDNS: 19 bars
  CHWY: 19 bars
  COIN: 19 bars
  COST: 19 bars
  CRWD: 19 bars
  DDOG: 19 bars
  DKNG: 19 bars
  DUOL: 19 bars
  ELF: 19 bars
  ETSY: 19 bars
  EXPE: 19 bars
  GOOGL: 19 bars
  GTLB: 19 bars
  HD: 19 bars
  HOOD: 19 bars
  LCID: 19 bars
  LMND: 19 bars
  LRCX: 19 bars
  LULU: 19 bars
  MDB: 19 bars
  META: 19 bars
  MRVL: 19 bars
  MSFT: 19 bars
  MU: 19 bars
  NIO: 19 bars
  NVDA: 19 bars
  NXPI: 19 bars
  PATH: 19 bars
  PAYO: 19 bars
  PINS: 19 bars
  PLTR: 19 bars
  RIVN: 19 bars
  ROKU: 19 bars
  S: 19 bars
  SCHD: 19 bars
  SGOV: 19 bars
  SHOP: 19 bars
  SNOW: 19 bars
  SOFI: 19 bars
  SPOT: 19 bars
  TER: 19 bars
  UBER: 19 bars
  UPST: 19 bars
  XPEV: 19 bars
  Benchmark SPY: 19 bars

Wrote 28 daily snapshots
First: 2026-06-04 $100,394.50
Last: 2026-07-01 $98,997.64
Peak: $104,011.02
Trough: $94,541.13
/opt/stonk-ai/reconstruct_portfolio_history.py:26: DeprecationWarning: datetime.datetime.utcnow() is deprecated and scheduled for removal in a future version. Use timezone-aware objects to represent datetimes in UTC: datetime.datetime.now(datetime.UTC).
  end_date = datetime.utcnow().strftime("%Y-%m-%d")
/opt/stonk-ai/reconstruct_portfolio_history.py:141: DeprecationWarning: datetime.datetime.utcnow() is deprecated and scheduled for removal in a future version. Use timezone-aware objects to represent datetimes in UTC: datetime.datetime.now(datetime.UTC).
  output = {"checks": checks, "reconstructed": True, "last_reconstructed": datetime.utcnow().isoformat() + "Z"}
Symbols: ['AAPL', 'ABNB', 'AFRM', 'AMAT', 'AMD', 'AMZN', 'APP', 'AVGO', 'CAT', 'CDNS', 'CHWY', 'COIN', 'COST', 'CRWD', 'DDOG', 'DKNG', 'DUOL', 'ELF', 'ETSY', 'EXPE', 'GOOGL', 'GTLB', 'HD', 'HOOD', 'LCID', 'LMND', 'LRCX', 'LULU', 'MDB', 'META', 'MRVL', 'MSFT', 'MU', 'NET', 'NIO', 'NKE', 'NVDA', 'NXPI', 'PATH', 'PAYO', 'PINS', 'PLTR', 'RIVN', 'ROKU', 'S', 'SCHD', 'SGOV', 'SHOP', 'SNOW', 'SOFI', 'SPOT', 'TER', 'UBER', 'UPST', 'XPEV']
Range: 2026-06-04 to 2026-07-02
  AAPL: 20 bars
  ABNB: 20 bars
  AFRM: 20 bars
  AMAT: 20 bars
  AMD: 20 bars
  AMZN: 20 bars
  APP: 20 bars
  AVGO: 20 bars
  CAT: 20 bars
  CDNS: 20 bars
  CHWY: 20 bars
  COIN: 20 bars
  COST: 20 bars
  CRWD: 20 bars
  DDOG: 20 bars
  DKNG: 20 bars
  DUOL: 20 bars
  ELF: 20 bars
  ETSY: 20 bars
  EXPE: 20 bars
  GOOGL: 20 bars
  GTLB: 20 bars
  HD: 20 bars
  HOOD: 20 bars
  LCID: 20 bars
  LMND: 20 bars
  LRCX: 20 bars
  LULU: 20 bars
  MDB: 20 bars
  META: 20 bars
  MRVL: 20 bars
  MSFT: 20 bars
  MU: 20 bars
  NET: 20 bars
  NIO: 20 bars
  NKE: 20 bars
  NVDA: 20 bars
  NXPI: 20 bars
  PATH: 20 bars
  PAYO: 20 bars
  PINS: 20 bars
  PLTR: 20 bars
  RIVN: 20 bars
  ROKU: 20 bars
  S: 20 bars
  SCHD: 20 bars
  SGOV: 20 bars
  SHOP: 20 bars
  SNOW: 20 bars
  SOFI: 20 bars
  SPOT: 20 bars
  TER: 20 bars
  UBER: 20 bars
  UPST: 20 bars
  XPEV: 20 bars
  Benchmark SPY: 20 bars

Wrote 29 daily snapshots
First: 2026-06-04 $100,394.50
Last: 2026-07-02 $98,840.83
Peak: $104,011.02
Trough: $94,541.13
/opt/stonk-ai/reconstruct_portfolio_history.py:26: DeprecationWarning: datetime.datetime.utcnow() is deprecated and scheduled for removal in a future version. Use timezone-aware objects to represent datetimes in UTC: datetime.datetime.now(datetime.UTC).
  end_date = datetime.utcnow().strftime("%Y-%m-%d")
/opt/stonk-ai/reconstruct_portfolio_history.py:141: DeprecationWarning: datetime.datetime.utcnow() is deprecated and scheduled for removal in a future version. Use timezone-aware objects to represent datetimes in UTC: datetime.datetime.now(datetime.UTC).
  output = {"checks": checks, "reconstructed": True, "last_reconstructed": datetime.utcnow().isoformat() + "Z"}
Symbols: ['AAPL', 'ABNB', 'AFRM', 'AMAT', 'AMD', 'AMZN', 'APP', 'AVGO', 'CAT', 'CDNS', 'CHWY', 'COIN', 'COST', 'CRWD', 'DDOG', 'DKNG', 'DUOL', 'ELF', 'ETSY', 'EXPE', 'GOOGL', 'GTLB', 'HD', 'HOOD', 'LCID', 'LMND', 'LRCX', 'LULU', 'MDB', 'META', 'MRVL', 'MSFT', 'MU', 'NET', 'NIO', 'NKE', 'NVDA', 'NXPI', 'PATH', 'PAYO', 'PINS', 'PLTR', 'RIVN', 'ROKU', 'S', 'SCHD', 'SGOV', 'SHOP', 'SNOW', 'SOFI', 'SPOT', 'TER', 'UBER', 'UPST', 'XPEV']
Range: 2026-06-04 to 2026-07-03
  AAPL: 20 bars
  ABNB: 20 bars
  AFRM: 20 bars
  AMAT: 20 bars
  AMD: 20 bars
  AMZN: 20 bars
  APP: 20 bars
  AVGO: 20 bars
  CAT: 20 bars
  CDNS: 20 bars
  CHWY: 20 bars
  COIN: 20 bars
  COST: 20 bars
  CRWD: 20 bars
  DDOG: 20 bars
  DKNG: 20 bars
  DUOL: 20 bars
  ELF: 20 bars
  ETSY: 20 bars
  EXPE: 20 bars
  GOOGL: 20 bars
  GTLB: 20 bars
  HD: 20 bars
  HOOD: 20 bars
  LCID: 20 bars
  LMND: 20 bars
  LRCX: 20 bars
  LULU: 20 bars
  MDB: 20 bars
  META: 20 bars
  MRVL: 20 bars
  MSFT: 20 bars
  MU: 20 bars
  NET: 20 bars
  NIO: 20 bars
  NKE: 20 bars
  NVDA: 20 bars
  NXPI: 20 bars
  PATH: 20 bars
  PAYO: 20 bars
  PINS: 20 bars
  PLTR: 20 bars
  RIVN: 20 bars
  ROKU: 20 bars
  S: 20 bars
  SCHD: 20 bars
  SGOV: 20 bars
  SHOP: 20 bars
  SNOW: 20 bars
  SOFI: 20 bars
  SPOT: 20 bars
  TER: 20 bars
  UBER: 20 bars
  UPST: 20 bars
  XPEV: 20 bars
  Benchmark SPY: 20 bars

Wrote 30 daily snapshots
First: 2026-06-04 $100,394.50
Last: 2026-07-03 $98,840.83
Peak: $104,011.02
Trough: $94,541.13
/opt/stonk-ai/reconstruct_portfolio_history.py:26: DeprecationWarning: datetime.datetime.utcnow() is deprecated and scheduled for removal in a future version. Use timezone-aware objects to represent datetimes in UTC: datetime.datetime.now(datetime.UTC).
  end_date = datetime.utcnow().strftime("%Y-%m-%d")
/opt/stonk-ai/reconstruct_portfolio_history.py:141: DeprecationWarning: datetime.datetime.utcnow() is deprecated and scheduled for removal in a future version. Use timezone-aware objects to represent datetimes in UTC: datetime.datetime.now(datetime.UTC).
  output = {"checks": checks, "reconstructed": True, "last_reconstructed": datetime.utcnow().isoformat() + "Z"}
Symbols: ['AAPL', 'ABNB', 'AFRM', 'AMAT', 'AMD', 'AMZN', 'APP', 'AVGO', 'CAT', 'CDNS', 'CHWY', 'COIN', 'COST', 'CRWD', 'DDOG', 'DKNG', 'DUOL', 'ELF', 'ETSY', 'EXPE', 'GOOGL', 'GTLB', 'HD', 'HOOD', 'LCID', 'LMND', 'LRCX', 'LULU', 'MDB', 'META', 'MRVL', 'MSFT', 'MU', 'NET', 'NIO', 'NKE', 'NVDA', 'NXPI', 'PATH', 'PAYO', 'PINS', 'PLTR', 'RIVN', 'ROKU', 'S', 'SCHD', 'SGOV', 'SHOP', 'SNOW', 'SOFI', 'SPOT', 'TER', 'UBER', 'UPST', 'XPEV']
Range: 2026-06-04 to 2026-07-04
  AAPL: 20 bars
  ABNB: 20 bars
  AFRM: 20 bars
  AMAT: 20 bars
  AMD: 20 bars
  AMZN: 20 bars
  APP: 20 bars
  AVGO: 20 bars
  CAT: 20 bars
  CDNS: 20 bars
  CHWY: 20 bars
  COIN: 20 bars
  COST: 20 bars
  CRWD: 20 bars
  DDOG: 20 bars
  DKNG: 20 bars
  DUOL: 20 bars
  ELF: 20 bars
  ETSY: 20 bars
  EXPE: 20 bars
  GOOGL: 20 bars
  GTLB: 20 bars
  HD: 20 bars
  HOOD: 20 bars
  LCID: 20 bars
  LMND: 20 bars
  LRCX: 20 bars
  LULU: 20 bars
  MDB: 20 bars
  META: 20 bars
  MRVL: 20 bars
  MSFT: 20 bars
  MU: 20 bars
  NET: 20 bars
  NIO: 20 bars
  NKE: 20 bars
  NVDA: 20 bars
  NXPI: 20 bars
  PATH: 20 bars
  PAYO: 20 bars
  PINS: 20 bars
  PLTR: 20 bars
  RIVN: 20 bars
  ROKU: 20 bars
  S: 20 bars
  SCHD: 20 bars
  SGOV: 20 bars
  SHOP: 20 bars
  SNOW: 20 bars
  SOFI: 20 bars
  SPOT: 20 bars
  TER: 20 bars
  UBER: 20 bars
  UPST: 20 bars
  XPEV: 20 bars
  Benchmark SPY: 20 bars

Wrote 31 daily snapshots
First: 2026-06-04 $100,394.50
Last: 2026-07-04 $98,840.83
Peak: $104,011.02
Trough: $94,541.13
/opt/stonk-ai/reconstruct_portfolio_history.py:26: DeprecationWarning: datetime.datetime.utcnow() is deprecated and scheduled for removal in a future version. Use timezone-aware objects to represent datetimes in UTC: datetime.datetime.now(datetime.UTC).
  end_date = datetime.utcnow().strftime("%Y-%m-%d")
/opt/stonk-ai/reconstruct_portfolio_history.py:141: DeprecationWarning: datetime.datetime.utcnow() is deprecated and scheduled for removal in a future version. Use timezone-aware objects to represent datetimes in UTC: datetime.datetime.now(datetime.UTC).
  output = {"checks": checks, "reconstructed": True, "last_reconstructed": datetime.utcnow().isoformat() + "Z"}
Symbols: ['AAPL', 'ABNB', 'AFRM', 'AMAT', 'AMD', 'AMZN', 'APP', 'AVGO', 'CAT', 'CDNS', 'CHWY', 'COIN', 'COST', 'CRWD', 'DDOG', 'DKNG', 'DUOL', 'ELF', 'ETSY', 'EXPE', 'GOOGL', 'GTLB', 'HD', 'HOOD', 'LCID', 'LMND', 'LRCX', 'LULU', 'MDB', 'META', 'MRVL', 'MSFT', 'MU', 'NET', 'NIO', 'NKE', 'NVDA', 'NXPI', 'PATH', 'PAYO', 'PINS', 'PLTR', 'RIVN', 'ROKU', 'S', 'SCHD', 'SGOV', 'SHOP', 'SNOW', 'SOFI', 'SPOT', 'TER', 'UBER', 'UPST', 'XPEV']
Range: 2026-06-04 to 2026-07-05
  AAPL: 20 bars
  ABNB: 20 bars
  AFRM: 20 bars
  AMAT: 20 bars
  AMD: 20 bars
  AMZN: 20 bars
  APP: 20 bars
  AVGO: 20 bars
  CAT: 20 bars
  CDNS: 20 bars
  CHWY: 20 bars
  COIN: 20 bars
  COST: 20 bars
  CRWD: 20 bars
  DDOG: 20 bars
  DKNG: 20 bars
  DUOL: 20 bars
  ELF: 20 bars
  ETSY: 20 bars
  EXPE: 20 bars
  GOOGL: 20 bars
  GTLB: 20 bars
  HD: 20 bars
  HOOD: 20 bars
  LCID: 20 bars
  LMND: 20 bars
  LRCX: 20 bars
  LULU: 20 bars
  MDB: 20 bars
  META: 20 bars
  MRVL: 20 bars
  MSFT: 20 bars
  MU: 20 bars
  NET: 20 bars
  NIO: 20 bars
  NKE: 20 bars
  NVDA: 20 bars
  NXPI: 20 bars
  PATH: 20 bars
  PAYO: 20 bars
  PINS: 20 bars
  PLTR: 20 bars
  RIVN: 20 bars
  ROKU: 20 bars
  S: 20 bars
  SCHD: 20 bars
  SGOV: 20 bars
  SHOP: 20 bars
  SNOW: 20 bars
  SOFI: 20 bars
  SPOT: 20 bars
  TER: 20 bars
  UBER: 20 bars
  UPST: 20 bars
  XPEV: 20 bars
  Benchmark SPY: 20 bars

Wrote 32 daily snapshots
First: 2026-06-04 $100,394.50
Last: 2026-07-05 $98,840.83
Peak: $104,011.02
Trough: $94,541.13
