=== STONK.AI Health Check ===
Status: DEGRADED
Time: 2026-07-12T17:50:01.574912

Processes:
  ✅ StonkBOT Trading: PID 3566902
  ✅ Data Fetcher: PID 3069042
  ❌ AI Watchlist: PID NOT RUNNING

Issues:
  ⚠️  portfolio_data.json is stale (11 min old)
  ⚠️  Watchlist rotation error: can't subtract offset-naive and offset-aware datetimes
  ⚠️  Portfolio history: only 4 unique days (need >= 7); performance chart may break
  ⚠️  News sentiment: COIN.json is stale (538.6h old, max 2h)
  ⚠️  News sentiment: NET.json is stale (538.6h old, max 2h)
  ⚠️  News sentiment: PATH.json is stale (538.6h old, max 2h)
  ⚠️  News sentiment: SHOP.json is stale (538.6h old, max 2h)
  ⚠️  News sentiment: SQ.json is stale (538.6h old, max 2h)
  ⚠️  News sentiment: NIO.json is stale (538.6h old, max 2h)
  ⚠️  News sentiment: GM.json is stale (538.6h old, max 2h)
  ⚠️  News sentiment: ORCL.json is stale (538.6h old, max 2h)
  ⚠️  News sentiment: AAPL.json is stale (538.6h old, max 2h)
  ⚠️  News sentiment: TSLA.json is stale (538.6h old, max 2h)
  ⚠️  News sentiment: NVDA.json is stale (538.6h old, max 2h)
  ⚠️  News sentiment: META.json is stale (538.6h old, max 2h)
  ⚠️  News sentiment: GOOGL.json is stale (538.6h old, max 2h)
  ⚠️  News sentiment: TWLO.json is stale (538.6h old, max 2h)
  ⚠️  News sentiment: ASAN.json is stale (538.6h old, max 2h)
  ⚠️  Crowd sentiment: /var/www/hedge-fund-website/crowd_sentiment.json missing
=== STONK.AI Health Check ===
Status: DEGRADED
Time: 2026-07-12T17:55:01.295052

Processes:
  ✅ StonkBOT Trading: PID 3566902
  ✅ Data Fetcher: PID 3069042
  ❌ AI Watchlist: PID NOT RUNNING

Issues:
  ⚠️  portfolio_data.json is stale (16 min old)
  ⚠️  Watchlist rotation error: can't subtract offset-naive and offset-aware datetimes
  ⚠️  Portfolio history: only 4 unique days (need >= 7); performance chart may break
  ⚠️  News sentiment: COIN.json is stale (538.7h old, max 2h)
  ⚠️  News sentiment: NET.json is stale (538.7h old, max 2h)
  ⚠️  News sentiment: PATH.json is stale (538.7h old, max 2h)
  ⚠️  News sentiment: SHOP.json is stale (538.7h old, max 2h)
  ⚠️  News sentiment: SQ.json is stale (538.7h old, max 2h)
  ⚠️  News sentiment: NIO.json is stale (538.7h old, max 2h)
  ⚠️  News sentiment: GM.json is stale (538.7h old, max 2h)
  ⚠️  News sentiment: ORCL.json is stale (538.7h old, max 2h)
  ⚠️  News sentiment: AAPL.json is stale (538.7h old, max 2h)
  ⚠️  News sentiment: TSLA.json is stale (538.7h old, max 2h)
  ⚠️  News sentiment: NVDA.json is stale (538.7h old, max 2h)
  ⚠️  News sentiment: META.json is stale (538.7h old, max 2h)
  ⚠️  News sentiment: GOOGL.json is stale (538.7h old, max 2h)
  ⚠️  News sentiment: TWLO.json is stale (538.7h old, max 2h)
  ⚠️  News sentiment: ASAN.json is stale (538.7h old, max 2h)
  ⚠️  Crowd sentiment: /var/www/hedge-fund-website/crowd_sentiment.json missing
=== STONK.AI Health Check ===
Status: DEGRADED
Time: 2026-07-12T18:00:01.963831

Processes:
  ✅ StonkBOT Trading: PID 3566902
  ✅ Data Fetcher: PID 3069042
  ❌ AI Watchlist: PID NOT RUNNING

Issues:
  ⚠️  portfolio_data.json is stale (21 min old)
  ⚠️  Watchlist rotation error: can't subtract offset-naive and offset-aware datetimes
  ⚠️  Portfolio history: only 4 unique days (need >= 7); performance chart may break
  ⚠️  News sentiment: COIN.json is stale (538.8h old, max 2h)
  ⚠️  News sentiment: NET.json is stale (538.8h old, max 2h)
  ⚠️  News sentiment: PATH.json is stale (538.8h old, max 2h)
  ⚠️  News sentiment: SHOP.json is stale (538.8h old, max 2h)
  ⚠️  News sentiment: SQ.json is stale (538.8h old, max 2h)
  ⚠️  News sentiment: NIO.json is stale (538.8h old, max 2h)
  ⚠️  News sentiment: GM.json is stale (538.8h old, max 2h)
  ⚠️  News sentiment: ORCL.json is stale (538.8h old, max 2h)
  ⚠️  News sentiment: AAPL.json is stale (538.8h old, max 2h)
  ⚠️  News sentiment: TSLA.json is stale (538.8h old, max 2h)
  ⚠️  News sentiment: NVDA.json is stale (538.8h old, max 2h)
  ⚠️  News sentiment: META.json is stale (538.8h old, max 2h)
  ⚠️  News sentiment: GOOGL.json is stale (538.8h old, max 2h)
  ⚠️  News sentiment: TWLO.json is stale (538.8h old, max 2h)
  ⚠️  News sentiment: ASAN.json is stale (538.8h old, max 2h)
  ⚠️  Crowd sentiment: /var/www/hedge-fund-website/crowd_sentiment.json missing
=== STONK.AI Health Check ===
Status: DEGRADED
Time: 2026-07-12T18:05:01.703980

Processes:
  ✅ StonkBOT Trading: PID 3566902
  ✅ Data Fetcher: PID 3069042
  ❌ AI Watchlist: PID NOT RUNNING

Issues:
  ⚠️  portfolio_data.json is stale (26 min old)
  ⚠️  ai_watchlist_live.json is stale (10 min old)
  ⚠️  Watchlist rotation error: can't subtract offset-naive and offset-aware datetimes
  ⚠️  Portfolio history: only 4 unique days (need >= 7); performance chart may break
  ⚠️  News sentiment: COIN.json is stale (538.9h old, max 2h)
  ⚠️  News sentiment: NET.json is stale (538.9h old, max 2h)
  ⚠️  News sentiment: PATH.json is stale (538.9h old, max 2h)
  ⚠️  News sentiment: SHOP.json is stale (538.9h old, max 2h)
  ⚠️  News sentiment: SQ.json is stale (538.9h old, max 2h)
  ⚠️  News sentiment: NIO.json is stale (538.9h old, max 2h)
  ⚠️  News sentiment: GM.json is stale (538.9h old, max 2h)
  ⚠️  News sentiment: ORCL.json is stale (538.9h old, max 2h)
  ⚠️  News sentiment: AAPL.json is stale (538.9h old, max 2h)
  ⚠️  News sentiment: TSLA.json is stale (538.9h old, max 2h)
  ⚠️  News sentiment: NVDA.json is stale (538.9h old, max 2h)
  ⚠️  News sentiment: META.json is stale (538.9h old, max 2h)
  ⚠️  News sentiment: GOOGL.json is stale (538.9h old, max 2h)
  ⚠️  News sentiment: TWLO.json is stale (538.9h old, max 2h)
  ⚠️  News sentiment: ASAN.json is stale (538.9h old, max 2h)
  ⚠️  Crowd sentiment: /var/www/hedge-fund-website/crowd_sentiment.json missing
=== STONK.AI Health Check ===
Status: DEGRADED
Time: 2026-07-12T18:10:01.487910

Processes:
  ✅ StonkBOT Trading: PID 3566902
  ✅ Data Fetcher: PID 3069042
  ❌ AI Watchlist: PID NOT RUNNING

Issues:
  ⚠️  portfolio_data.json is stale (31 min old)
  ⚠️  Watchlist rotation error: can't subtract offset-naive and offset-aware datetimes
  ⚠️  Portfolio history: only 4 unique days (need >= 7); performance chart may break
  ⚠️  News sentiment: COIN.json is stale (539.0h old, max 2h)
  ⚠️  News sentiment: NET.json is stale (539.0h old, max 2h)
  ⚠️  News sentiment: PATH.json is stale (539.0h old, max 2h)
  ⚠️  News sentiment: SHOP.json is stale (539.0h old, max 2h)
  ⚠️  News sentiment: SQ.json is stale (539.0h old, max 2h)
  ⚠️  News sentiment: NIO.json is stale (539.0h old, max 2h)
  ⚠️  News sentiment: GM.json is stale (539.0h old, max 2h)
  ⚠️  News sentiment: ORCL.json is stale (539.0h old, max 2h)
  ⚠️  News sentiment: AAPL.json is stale (539.0h old, max 2h)
  ⚠️  News sentiment: TSLA.json is stale (539.0h old, max 2h)
  ⚠️  News sentiment: NVDA.json is stale (539.0h old, max 2h)
  ⚠️  News sentiment: META.json is stale (539.0h old, max 2h)
  ⚠️  News sentiment: GOOGL.json is stale (539.0h old, max 2h)
  ⚠️  News sentiment: TWLO.json is stale (539.0h old, max 2h)
  ⚠️  News sentiment: ASAN.json is stale (539.0h old, max 2h)
  ⚠️  Crowd sentiment: /var/www/hedge-fund-website/crowd_sentiment.json missing
=== STONK.AI Health Check ===
Status: DEGRADED
Time: 2026-07-12T18:15:01.265757

Processes:
  ✅ StonkBOT Trading: PID 3566902
  ✅ Data Fetcher: PID 3069042
  ❌ AI Watchlist: PID NOT RUNNING

Issues:
  ⚠️  portfolio_data.json is stale (36 min old)
  ⚠️  Watchlist rotation error: can't subtract offset-naive and offset-aware datetimes
  ⚠️  Portfolio history: only 4 unique days (need >= 7); performance chart may break
  ⚠️  News sentiment: COIN.json is stale (539.1h old, max 2h)
  ⚠️  News sentiment: NET.json is stale (539.1h old, max 2h)
  ⚠️  News sentiment: PATH.json is stale (539.1h old, max 2h)
  ⚠️  News sentiment: SHOP.json is stale (539.1h old, max 2h)
  ⚠️  News sentiment: SQ.json is stale (539.1h old, max 2h)
  ⚠️  News sentiment: NIO.json is stale (539.1h old, max 2h)
  ⚠️  News sentiment: GM.json is stale (539.1h old, max 2h)
  ⚠️  News sentiment: ORCL.json is stale (539.1h old, max 2h)
  ⚠️  News sentiment: AAPL.json is stale (539.1h old, max 2h)
  ⚠️  News sentiment: TSLA.json is stale (539.1h old, max 2h)
  ⚠️  News sentiment: NVDA.json is stale (539.1h old, max 2h)
  ⚠️  News sentiment: META.json is stale (539.1h old, max 2h)
  ⚠️  News sentiment: GOOGL.json is stale (539.1h old, max 2h)
  ⚠️  News sentiment: TWLO.json is stale (539.1h old, max 2h)
  ⚠️  News sentiment: ASAN.json is stale (539.0h old, max 2h)
  ⚠️  Crowd sentiment: /var/www/hedge-fund-website/crowd_sentiment.json missing
=== STONK.AI Health Check ===
Status: DEGRADED
Time: 2026-07-12T18:20:01.692099

Processes:
  ✅ StonkBOT Trading: PID 3566902
  ✅ Data Fetcher: PID 3069042
  ❌ AI Watchlist: PID NOT RUNNING

Issues:
  ⚠️  portfolio_data.json is stale (41 min old)
  ⚠️  ai_watchlist_live.json is stale (10 min old)
  ⚠️  Watchlist rotation error: can't subtract offset-naive and offset-aware datetimes
  ⚠️  Portfolio history: only 4 unique days (need >= 7); performance chart may break
  ⚠️  News sentiment: COIN.json is stale (539.1h old, max 2h)
  ⚠️  News sentiment: NET.json is stale (539.1h old, max 2h)
  ⚠️  News sentiment: PATH.json is stale (539.1h old, max 2h)
  ⚠️  News sentiment: SHOP.json is stale (539.1h old, max 2h)
  ⚠️  News sentiment: SQ.json is stale (539.1h old, max 2h)
  ⚠️  News sentiment: NIO.json is stale (539.1h old, max 2h)
  ⚠️  News sentiment: GM.json is stale (539.1h old, max 2h)
  ⚠️  News sentiment: ORCL.json is stale (539.1h old, max 2h)
  ⚠️  News sentiment: AAPL.json is stale (539.1h old, max 2h)
  ⚠️  News sentiment: TSLA.json is stale (539.1h old, max 2h)
  ⚠️  News sentiment: NVDA.json is stale (539.1h old, max 2h)
  ⚠️  News sentiment: META.json is stale (539.1h old, max 2h)
  ⚠️  News sentiment: GOOGL.json is stale (539.1h old, max 2h)
  ⚠️  News sentiment: TWLO.json is stale (539.1h old, max 2h)
  ⚠️  News sentiment: ASAN.json is stale (539.1h old, max 2h)
  ⚠️  Crowd sentiment: /var/www/hedge-fund-website/crowd_sentiment.json missing
=== STONK.AI Health Check ===
Status: DEGRADED
Time: 2026-07-12T18:25:01.433341

Processes:
  ✅ StonkBOT Trading: PID 3566902
  ✅ Data Fetcher: PID 3069042
  ❌ AI Watchlist: PID NOT RUNNING

Issues:
  ⚠️  portfolio_data.json is stale (46 min old)
  ⚠️  Watchlist rotation error: can't subtract offset-naive and offset-aware datetimes
  ⚠️  Portfolio history: only 4 unique days (need >= 7); performance chart may break
  ⚠️  News sentiment: COIN.json is stale (539.2h old, max 2h)
  ⚠️  News sentiment: NET.json is stale (539.2h old, max 2h)
  ⚠️  News sentiment: PATH.json is stale (539.2h old, max 2h)
  ⚠️  News sentiment: SHOP.json is stale (539.2h old, max 2h)
  ⚠️  News sentiment: SQ.json is stale (539.2h old, max 2h)
  ⚠️  News sentiment: NIO.json is stale (539.2h old, max 2h)
  ⚠️  News sentiment: GM.json is stale (539.2h old, max 2h)
  ⚠️  News sentiment: ORCL.json is stale (539.2h old, max 2h)
  ⚠️  News sentiment: AAPL.json is stale (539.2h old, max 2h)
  ⚠️  News sentiment: TSLA.json is stale (539.2h old, max 2h)
  ⚠️  News sentiment: NVDA.json is stale (539.2h old, max 2h)
  ⚠️  News sentiment: META.json is stale (539.2h old, max 2h)
  ⚠️  News sentiment: GOOGL.json is stale (539.2h old, max 2h)
  ⚠️  News sentiment: TWLO.json is stale (539.2h old, max 2h)
  ⚠️  News sentiment: ASAN.json is stale (539.2h old, max 2h)
  ⚠️  Crowd sentiment: /var/www/hedge-fund-website/crowd_sentiment.json missing
